{"/Users/yangzhaoyi/Desktop/capstone-project-2025-t1-25t1-9900-w16a-danish/frontend/src/Admin/AdminAccountManage.js": {"path":"/Users/yangzhaoyi/Desktop/capstone-project-2025-t1-25t1-9900-w16a-danish/frontend/src/Admin/AdminAccountManage.js","statementMap":{"0":{"start":{"line":23,"column":28},"end":{"line":23,"column":40}},"1":{"start":{"line":24,"column":38},"end":{"line":24,"column":49}},"2":{"start":{"line":25,"column":26},"end":{"line":25,"column":37}},"3":{"start":{"line":26,"column":38},"end":{"line":26,"column":50}},"4":{"start":{"line":27,"column":32},"end":{"line":27,"column":44}},"5":{"start":{"line":28,"column":32},"end":{"line":28,"column":46}},"6":{"start":{"line":30,"column":21},"end":{"line":66,"column":3}},"7":{"start":{"line":31,"column":4},"end":{"line":31,"column":21}},"8":{"start":{"line":32,"column":4},"end":{"line":65,"column":5}},"9":{"start":{"line":33,"column":21},"end":{"line":40,"column":8}},"10":{"start":{"line":42,"column":23},"end":{"line":52,"column":7}},"11":{"start":{"line":54,"column":19},"end":{"line":54,"column":40}},"12":{"start":{"line":55,"column":6},"end":{"line":60,"column":7}},"13":{"start":{"line":56,"column":8},"end":{"line":56,"column":28}},"14":{"start":{"line":57,"column":8},"end":{"line":57,"column":34}},"15":{"start":{"line":59,"column":8},"end":{"line":59,"column":55}},"16":{"start":{"line":62,"column":6},"end":{"line":62,"column":52}},"17":{"start":{"line":64,"column":6},"end":{"line":64,"column":24}},"18":{"start":{"line":68,"column":2},"end":{"line":70,"column":13}},"19":{"start":{"line":69,"column":4},"end":{"line":69,"column":42}},"20":{"start":{"line":72,"column":2},"end":{"line":75,"column":28}},"21":{"start":{"line":73,"column":4},"end":{"line":73,"column":15}},"22":{"start":{"line":74,"column":4},"end":{"line":74,"column":39}},"23":{"start":{"line":77,"column":27},"end":{"line":79,"column":3}},"24":{"start":{"line":78,"column":4},"end":{"line":78,"column":19}},"25":{"start":{"line":81,"column":27},"end":{"line":105,"column":3}},"26":{"start":{"line":82,"column":4},"end":{"line":82,"column":78}},"27":{"start":{"line":82,"column":71},"end":{"line":82,"column":78}},"28":{"start":{"line":84,"column":4},"end":{"line":104,"column":5}},"29":{"start":{"line":85,"column":23},"end":{"line":92,"column":8}},"30":{"start":{"line":94,"column":6},"end":{"line":100,"column":7}},"31":{"start":{"line":95,"column":8},"end":{"line":95,"column":44}},"32":{"start":{"line":96,"column":8},"end":{"line":96,"column":46}},"33":{"start":{"line":98,"column":20},"end":{"line":98,"column":41}},"34":{"start":{"line":99,"column":8},"end":{"line":99,"column":55}},"35":{"start":{"line":102,"column":6},"end":{"line":102,"column":51}},"36":{"start":{"line":103,"column":6},"end":{"line":103,"column":54}},"37":{"start":{"line":107,"column":2},"end":{"line":199,"column":4}},"38":{"start":{"line":123,"column":16},"end":{"line":123,"column":27}},"39":{"start":{"line":124,"column":16},"end":{"line":124,"column":43}},"40":{"start":{"line":132,"column":33},"end":{"line":132,"column":62}},"41":{"start":{"line":144,"column":37},"end":{"line":144,"column":58}},"42":{"start":{"line":162,"column":40},"end":{"line":162,"column":61}},"43":{"start":{"line":164,"column":24},"end":{"line":180,"column":35}},"44":{"start":{"line":175,"column":45},"end":{"line":175,"column":70}}},"fnMap":{"0":{"name":"AdminAccountManage","decl":{"start":{"line":22,"column":9},"end":{"line":22,"column":27}},"loc":{"start":{"line":22,"column":30},"end":{"line":200,"column":1}},"line":22},"1":{"name":"(anonymous_1)","decl":{"start":{"line":30,"column":21},"end":{"line":30,"column":22}},"loc":{"start":{"line":30,"column":73},"end":{"line":66,"column":3}},"line":30},"2":{"name":"(anonymous_2)","decl":{"start":{"line":68,"column":12},"end":{"line":68,"column":13}},"loc":{"start":{"line":68,"column":18},"end":{"line":70,"column":3}},"line":68},"3":{"name":"(anonymous_3)","decl":{"start":{"line":72,"column":12},"end":{"line":72,"column":13}},"loc":{"start":{"line":72,"column":18},"end":{"line":75,"column":3}},"line":72},"4":{"name":"(anonymous_4)","decl":{"start":{"line":77,"column":27},"end":{"line":77,"column":28}},"loc":{"start":{"line":77,"column":41},"end":{"line":79,"column":3}},"line":77},"5":{"name":"(anonymous_5)","decl":{"start":{"line":81,"column":27},"end":{"line":81,"column":28}},"loc":{"start":{"line":81,"column":45},"end":{"line":105,"column":3}},"line":81},"6":{"name":"(anonymous_6)","decl":{"start":{"line":122,"column":24},"end":{"line":122,"column":25}},"loc":{"start":{"line":122,"column":31},"end":{"line":125,"column":15}},"line":122},"7":{"name":"(anonymous_7)","decl":{"start":{"line":132,"column":26},"end":{"line":132,"column":27}},"loc":{"start":{"line":132,"column":33},"end":{"line":132,"column":62}},"line":132},"8":{"name":"(anonymous_8)","decl":{"start":{"line":144,"column":27},"end":{"line":144,"column":28}},"loc":{"start":{"line":144,"column":37},"end":{"line":144,"column":58}},"line":144},"9":{"name":"(anonymous_9)","decl":{"start":{"line":162,"column":30},"end":{"line":162,"column":31}},"loc":{"start":{"line":162,"column":40},"end":{"line":162,"column":61}},"line":162},"10":{"name":"(anonymous_10)","decl":{"start":{"line":163,"column":27},"end":{"line":163,"column":28}},"loc":{"start":{"line":164,"column":24},"end":{"line":180,"column":35}},"line":164},"11":{"name":"(anonymous_11)","decl":{"start":{"line":175,"column":39},"end":{"line":175,"column":40}},"loc":{"start":{"line":175,"column":45},"end":{"line":175,"column":70}},"line":175}},"branchMap":{"0":{"loc":{"start":{"line":30,"column":28},"end":{"line":30,"column":43}},"type":"default-arg","locations":[{"start":{"line":30,"column":42},"end":{"line":30,"column":43}}],"line":30},"1":{"loc":{"start":{"line":30,"column":45},"end":{"line":30,"column":54}},"type":"default-arg","locations":[{"start":{"line":30,"column":52},"end":{"line":30,"column":54}}],"line":30},"2":{"loc":{"start":{"line":30,"column":56},"end":{"line":30,"column":68}},"type":"default-arg","locations":[{"start":{"line":30,"column":66},"end":{"line":30,"column":68}}],"line":30},"3":{"loc":{"start":{"line":36,"column":12},"end":{"line":36,"column":28}},"type":"binary-expr","locations":[{"start":{"line":36,"column":12},"end":{"line":36,"column":16}},{"start":{"line":36,"column":20},"end":{"line":36,"column":28}}],"line":36},"4":{"loc":{"start":{"line":37,"column":12},"end":{"line":37,"column":34}},"type":"binary-expr","locations":[{"start":{"line":37,"column":12},"end":{"line":37,"column":19}},{"start":{"line":37,"column":23},"end":{"line":37,"column":34}}],"line":37},"5":{"loc":{"start":{"line":55,"column":6},"end":{"line":60,"column":7}},"type":"if","locations":[{"start":{"line":55,"column":6},"end":{"line":60,"column":7}},{"start":{"line":58,"column":13},"end":{"line":60,"column":7}}],"line":55},"6":{"loc":{"start":{"line":59,"column":14},"end":{"line":59,"column":53}},"type":"binary-expr","locations":[{"start":{"line":59,"column":14},"end":{"line":59,"column":26}},{"start":{"line":59,"column":30},"end":{"line":59,"column":53}}],"line":59},"7":{"loc":{"start":{"line":82,"column":4},"end":{"line":82,"column":78}},"type":"if","locations":[{"start":{"line":82,"column":4},"end":{"line":82,"column":78}},{"start":{},"end":{}}],"line":82},"8":{"loc":{"start":{"line":94,"column":6},"end":{"line":100,"column":7}},"type":"if","locations":[{"start":{"line":94,"column":6},"end":{"line":100,"column":7}},{"start":{"line":97,"column":13},"end":{"line":100,"column":7}}],"line":94},"9":{"loc":{"start":{"line":99,"column":14},"end":{"line":99,"column":53}},"type":"binary-expr","locations":[{"start":{"line":99,"column":14},"end":{"line":99,"column":25}},{"start":{"line":99,"column":29},"end":{"line":99,"column":53}}],"line":99},"10":{"loc":{"start":{"line":142,"column":11},"end":{"line":186,"column":11}},"type":"cond-expr","locations":[{"start":{"line":143,"column":12},"end":{"line":143,"column":35}},{"start":{"line":144,"column":14},"end":{"line":186,"column":11}}],"line":142},"11":{"loc":{"start":{"line":144,"column":14},"end":{"line":186,"column":11}},"type":"cond-expr","locations":[{"start":{"line":145,"column":12},"end":{"line":145,"column":34}},{"start":{"line":147,"column":12},"end":{"line":185,"column":18}}],"line":144},"12":{"loc":{"start":{"line":168,"column":38},"end":{"line":168,"column":61}},"type":"binary-expr","locations":[{"start":{"line":168,"column":38},"end":{"line":168,"column":54}},{"start":{"line":168,"column":58},"end":{"line":168,"column":61}}],"line":168}},"s":{"0":5,"1":5,"2":5,"3":5,"4":5,"5":5,"6":5,"7":7,"8":7,"9":7,"10":7,"11":7,"12":7,"13":7,"14":7,"15":0,"16":0,"17":7,"18":5,"19":3,"20":5,"21":3,"22":3,"23":5,"24":0,"25":5,"26":1,"27":0,"28":1,"29":1,"30":1,"31":1,"32":1,"33":0,"34":0,"35":0,"36":0,"37":5,"38":0,"39":0,"40":0,"41":2,"42":2,"43":2,"44":1},"f":{"0":5,"1":7,"2":3,"3":3,"4":0,"5":1,"6":0,"7":0,"8":2,"9":2,"10":2,"11":1},"b":{"0":[0],"1":[0],"2":[0],"3":[7,0],"4":[7,0],"5":[7,0],"6":[0,0],"7":[0,1],"8":[1,0],"9":[0,0],"10":[3,2],"11":[0,2],"12":[2,0]},"_coverageSchema":"1a1c01bbd47fc00a2c39e90264f33305004495a9","hash":"18397d544a187872fe4a5ecb6ce6987bef25b4e6"}
,"/Users/yangzhaoyi/Desktop/capstone-project-2025-t1-25t1-9900-w16a-danish/frontend/src/Admin/AdminCompetitionsManage.js": {"path":"/Users/yangzhaoyi/Desktop/capstone-project-2025-t1-25t1-9900-w16a-danish/frontend/src/Admin/AdminCompetitionsManage.js","statementMap":{"0":{"start":{"line":30,"column":42},"end":{"line":30,"column":54}},"1":{"start":{"line":31,"column":38},"end":{"line":31,"column":49}},"2":{"start":{"line":32,"column":26},"end":{"line":32,"column":37}},"3":{"start":{"line":33,"column":32},"end":{"line":33,"column":46}},"4":{"start":{"line":35,"column":32},"end":{"line":35,"column":44}},"5":{"start":{"line":36,"column":42},"end":{"line":36,"column":54}},"6":{"start":{"line":37,"column":46},"end":{"line":37,"column":58}},"7":{"start":{"line":39,"column":42},"end":{"line":39,"column":56}},"8":{"start":{"line":40,"column":38},"end":{"line":40,"column":53}},"9":{"start":{"line":42,"column":28},"end":{"line":82,"column":3}},"10":{"start":{"line":48,"column":4},"end":{"line":48,"column":21}},"11":{"start":{"line":49,"column":4},"end":{"line":81,"column":5}},"12":{"start":{"line":50,"column":21},"end":{"line":56,"column":8}},"13":{"start":{"line":58,"column":23},"end":{"line":68,"column":7}},"14":{"start":{"line":70,"column":19},"end":{"line":70,"column":40}},"15":{"start":{"line":71,"column":6},"end":{"line":76,"column":7}},"16":{"start":{"line":72,"column":8},"end":{"line":72,"column":41}},"17":{"start":{"line":73,"column":8},"end":{"line":73,"column":39}},"18":{"start":{"line":75,"column":8},"end":{"line":75,"column":62}},"19":{"start":{"line":78,"column":6},"end":{"line":78,"column":59}},"20":{"start":{"line":80,"column":6},"end":{"line":80,"column":24}},"21":{"start":{"line":84,"column":28},"end":{"line":107,"column":3}},"22":{"start":{"line":85,"column":4},"end":{"line":85,"column":85}},"23":{"start":{"line":85,"column":78},"end":{"line":85,"column":85}},"24":{"start":{"line":87,"column":4},"end":{"line":106,"column":5}},"25":{"start":{"line":88,"column":23},"end":{"line":95,"column":8}},"26":{"start":{"line":97,"column":6},"end":{"line":103,"column":7}},"27":{"start":{"line":98,"column":8},"end":{"line":98,"column":51}},"28":{"start":{"line":99,"column":8},"end":{"line":99,"column":71}},"29":{"start":{"line":99,"column":34},"end":{"line":99,"column":69}},"30":{"start":{"line":99,"column":53},"end":{"line":99,"column":68}},"31":{"start":{"line":101,"column":21},"end":{"line":101,"column":42}},"32":{"start":{"line":102,"column":8},"end":{"line":102,"column":62}},"33":{"start":{"line":105,"column":6},"end":{"line":105,"column":58}},"34":{"start":{"line":109,"column":33},"end":{"line":130,"column":3}},"35":{"start":{"line":110,"column":4},"end":{"line":129,"column":5}},"36":{"start":{"line":111,"column":23},"end":{"line":118,"column":8}},"37":{"start":{"line":120,"column":19},"end":{"line":120,"column":40}},"38":{"start":{"line":121,"column":6},"end":{"line":126,"column":7}},"39":{"start":{"line":122,"column":8},"end":{"line":122,"column":30}},"40":{"start":{"line":123,"column":8},"end":{"line":123,"column":28}},"41":{"start":{"line":125,"column":8},"end":{"line":125,"column":68}},"42":{"start":{"line":128,"column":6},"end":{"line":128,"column":65}},"43":{"start":{"line":132,"column":2},"end":{"line":134,"column":52}},"44":{"start":{"line":133,"column":4},"end":{"line":133,"column":67}},"45":{"start":{"line":136,"column":27},"end":{"line":138,"column":3}},"46":{"start":{"line":137,"column":4},"end":{"line":137,"column":19}},"47":{"start":{"line":140,"column":2},"end":{"line":330,"column":4}},"48":{"start":{"line":156,"column":16},"end":{"line":156,"column":27}},"49":{"start":{"line":157,"column":16},"end":{"line":157,"column":43}},"50":{"start":{"line":166,"column":18},"end":{"line":166,"column":29}},"51":{"start":{"line":167,"column":18},"end":{"line":167,"column":50}},"52":{"start":{"line":183,"column":18},"end":{"line":183,"column":29}},"53":{"start":{"line":184,"column":18},"end":{"line":184,"column":52}},"54":{"start":{"line":221,"column":22},"end":{"line":245,"column":33}},"55":{"start":{"line":226,"column":43},"end":{"line":226,"column":74}},"56":{"start":{"line":240,"column":43},"end":{"line":240,"column":69}},"57":{"start":{"line":264,"column":47},"end":{"line":264,"column":67}},"58":{"start":{"line":282,"column":16},"end":{"line":282,"column":76}},"59":{"start":{"line":286,"column":16},"end":{"line":286,"column":94}},"60":{"start":{"line":306,"column":22},"end":{"line":317,"column":24}},"61":{"start":{"line":326,"column":33},"end":{"line":326,"column":53}}},"fnMap":{"0":{"name":"AdminCompetitionsManage","decl":{"start":{"line":29,"column":9},"end":{"line":29,"column":32}},"loc":{"start":{"line":29,"column":35},"end":{"line":331,"column":1}},"line":29},"1":{"name":"(anonymous_1)","decl":{"start":{"line":42,"column":28},"end":{"line":42,"column":29}},"loc":{"start":{"line":47,"column":7},"end":{"line":82,"column":3}},"line":47},"2":{"name":"(anonymous_2)","decl":{"start":{"line":84,"column":28},"end":{"line":84,"column":29}},"loc":{"start":{"line":84,"column":46},"end":{"line":107,"column":3}},"line":84},"3":{"name":"(anonymous_3)","decl":{"start":{"line":99,"column":24},"end":{"line":99,"column":25}},"loc":{"start":{"line":99,"column":34},"end":{"line":99,"column":69}},"line":99},"4":{"name":"(anonymous_4)","decl":{"start":{"line":99,"column":46},"end":{"line":99,"column":47}},"loc":{"start":{"line":99,"column":53},"end":{"line":99,"column":68}},"line":99},"5":{"name":"(anonymous_5)","decl":{"start":{"line":109,"column":33},"end":{"line":109,"column":34}},"loc":{"start":{"line":109,"column":47},"end":{"line":130,"column":3}},"line":109},"6":{"name":"(anonymous_6)","decl":{"start":{"line":132,"column":12},"end":{"line":132,"column":13}},"loc":{"start":{"line":132,"column":18},"end":{"line":134,"column":3}},"line":132},"7":{"name":"(anonymous_7)","decl":{"start":{"line":136,"column":27},"end":{"line":136,"column":28}},"loc":{"start":{"line":136,"column":41},"end":{"line":138,"column":3}},"line":136},"8":{"name":"(anonymous_8)","decl":{"start":{"line":155,"column":24},"end":{"line":155,"column":25}},"loc":{"start":{"line":155,"column":31},"end":{"line":158,"column":15}},"line":155},"9":{"name":"(anonymous_9)","decl":{"start":{"line":165,"column":26},"end":{"line":165,"column":27}},"loc":{"start":{"line":165,"column":33},"end":{"line":168,"column":17}},"line":165},"10":{"name":"(anonymous_10)","decl":{"start":{"line":182,"column":26},"end":{"line":182,"column":27}},"loc":{"start":{"line":182,"column":33},"end":{"line":185,"column":17}},"line":182},"11":{"name":"(anonymous_11)","decl":{"start":{"line":220,"column":38},"end":{"line":220,"column":39}},"loc":{"start":{"line":221,"column":22},"end":{"line":245,"column":33}},"line":221},"12":{"name":"(anonymous_12)","decl":{"start":{"line":226,"column":37},"end":{"line":226,"column":38}},"loc":{"start":{"line":226,"column":43},"end":{"line":226,"column":74}},"line":226},"13":{"name":"(anonymous_13)","decl":{"start":{"line":240,"column":37},"end":{"line":240,"column":38}},"loc":{"start":{"line":240,"column":43},"end":{"line":240,"column":69}},"line":240},"14":{"name":"(anonymous_14)","decl":{"start":{"line":264,"column":41},"end":{"line":264,"column":42}},"loc":{"start":{"line":264,"column":47},"end":{"line":264,"column":67}},"line":264},"15":{"name":"(anonymous_15)","decl":{"start":{"line":281,"column":49},"end":{"line":281,"column":50}},"loc":{"start":{"line":282,"column":16},"end":{"line":282,"column":76}},"line":282},"16":{"name":"(anonymous_16)","decl":{"start":{"line":285,"column":56},"end":{"line":285,"column":57}},"loc":{"start":{"line":286,"column":16},"end":{"line":286,"column":94}},"line":286},"17":{"name":"(anonymous_17)","decl":{"start":{"line":305,"column":48},"end":{"line":305,"column":49}},"loc":{"start":{"line":306,"column":22},"end":{"line":317,"column":24}},"line":306},"18":{"name":"(anonymous_18)","decl":{"start":{"line":326,"column":27},"end":{"line":326,"column":28}},"loc":{"start":{"line":326,"column":33},"end":{"line":326,"column":53}},"line":326}},"branchMap":{"0":{"loc":{"start":{"line":43,"column":4},"end":{"line":43,"column":19}},"type":"default-arg","locations":[{"start":{"line":43,"column":18},"end":{"line":43,"column":19}}],"line":43},"1":{"loc":{"start":{"line":44,"column":4},"end":{"line":44,"column":16}},"type":"default-arg","locations":[{"start":{"line":44,"column":14},"end":{"line":44,"column":16}}],"line":44},"2":{"loc":{"start":{"line":45,"column":4},"end":{"line":45,"column":15}},"type":"default-arg","locations":[{"start":{"line":45,"column":13},"end":{"line":45,"column":15}}],"line":45},"3":{"loc":{"start":{"line":46,"column":4},"end":{"line":46,"column":17}},"type":"default-arg","locations":[{"start":{"line":46,"column":15},"end":{"line":46,"column":17}}],"line":46},"4":{"loc":{"start":{"line":53,"column":12},"end":{"line":53,"column":34}},"type":"binary-expr","locations":[{"start":{"line":53,"column":12},"end":{"line":53,"column":19}},{"start":{"line":53,"column":23},"end":{"line":53,"column":34}}],"line":53},"5":{"loc":{"start":{"line":54,"column":12},"end":{"line":54,"column":32}},"type":"binary-expr","locations":[{"start":{"line":54,"column":12},"end":{"line":54,"column":18}},{"start":{"line":54,"column":22},"end":{"line":54,"column":32}}],"line":54},"6":{"loc":{"start":{"line":55,"column":12},"end":{"line":55,"column":36}},"type":"binary-expr","locations":[{"start":{"line":55,"column":12},"end":{"line":55,"column":20}},{"start":{"line":55,"column":24},"end":{"line":55,"column":36}}],"line":55},"7":{"loc":{"start":{"line":71,"column":6},"end":{"line":76,"column":7}},"type":"if","locations":[{"start":{"line":71,"column":6},"end":{"line":76,"column":7}},{"start":{"line":74,"column":13},"end":{"line":76,"column":7}}],"line":71},"8":{"loc":{"start":{"line":72,"column":24},"end":{"line":72,"column":39}},"type":"binary-expr","locations":[{"start":{"line":72,"column":24},"end":{"line":72,"column":33}},{"start":{"line":72,"column":37},"end":{"line":72,"column":39}}],"line":72},"9":{"loc":{"start":{"line":73,"column":22},"end":{"line":73,"column":37}},"type":"binary-expr","locations":[{"start":{"line":73,"column":22},"end":{"line":73,"column":32}},{"start":{"line":73,"column":36},"end":{"line":73,"column":37}}],"line":73},"10":{"loc":{"start":{"line":75,"column":14},"end":{"line":75,"column":60}},"type":"binary-expr","locations":[{"start":{"line":75,"column":14},"end":{"line":75,"column":26}},{"start":{"line":75,"column":30},"end":{"line":75,"column":60}}],"line":75},"11":{"loc":{"start":{"line":85,"column":4},"end":{"line":85,"column":85}},"type":"if","locations":[{"start":{"line":85,"column":4},"end":{"line":85,"column":85}},{"start":{},"end":{}}],"line":85},"12":{"loc":{"start":{"line":97,"column":6},"end":{"line":103,"column":7}},"type":"if","locations":[{"start":{"line":97,"column":6},"end":{"line":103,"column":7}},{"start":{"line":100,"column":13},"end":{"line":103,"column":7}}],"line":97},"13":{"loc":{"start":{"line":102,"column":14},"end":{"line":102,"column":60}},"type":"binary-expr","locations":[{"start":{"line":102,"column":14},"end":{"line":102,"column":26}},{"start":{"line":102,"column":30},"end":{"line":102,"column":60}}],"line":102},"14":{"loc":{"start":{"line":121,"column":6},"end":{"line":126,"column":7}},"type":"if","locations":[{"start":{"line":121,"column":6},"end":{"line":126,"column":7}},{"start":{"line":124,"column":13},"end":{"line":126,"column":7}}],"line":121},"15":{"loc":{"start":{"line":125,"column":14},"end":{"line":125,"column":66}},"type":"binary-expr","locations":[{"start":{"line":125,"column":14},"end":{"line":125,"column":26}},{"start":{"line":125,"column":30},"end":{"line":125,"column":66}}],"line":125},"16":{"loc":{"start":{"line":200,"column":11},"end":{"line":251,"column":11}},"type":"cond-expr","locations":[{"start":{"line":201,"column":12},"end":{"line":201,"column":42}},{"start":{"line":202,"column":14},"end":{"line":251,"column":11}}],"line":200},"17":{"loc":{"start":{"line":202,"column":14},"end":{"line":251,"column":11}},"type":"cond-expr","locations":[{"start":{"line":203,"column":12},"end":{"line":203,"column":41}},{"start":{"line":205,"column":12},"end":{"line":250,"column":18}}],"line":202},"18":{"loc":{"start":{"line":270,"column":11},"end":{"line":323,"column":11}},"type":"binary-expr","locations":[{"start":{"line":270,"column":11},"end":{"line":270,"column":23}},{"start":{"line":271,"column":12},"end":{"line":322,"column":15}}],"line":270},"19":{"loc":{"start":{"line":278,"column":52},"end":{"line":278,"column":88}},"type":"cond-expr","locations":[{"start":{"line":278,"column":76},"end":{"line":278,"column":81}},{"start":{"line":278,"column":84},"end":{"line":278,"column":88}}],"line":278},"20":{"loc":{"start":{"line":288,"column":15},"end":{"line":298,"column":15}},"type":"binary-expr","locations":[{"start":{"line":288,"column":15},"end":{"line":288,"column":41}},{"start":{"line":289,"column":16},"end":{"line":297,"column":25}}],"line":288},"21":{"loc":{"start":{"line":299,"column":15},"end":{"line":321,"column":15}},"type":"binary-expr","locations":[{"start":{"line":299,"column":15},"end":{"line":299,"column":49}},{"start":{"line":300,"column":16},"end":{"line":320,"column":22}}],"line":299}},"s":{"0":12,"1":12,"2":12,"3":12,"4":12,"5":12,"6":12,"7":12,"8":12,"9":12,"10":6,"11":6,"12":6,"13":6,"14":6,"15":6,"16":6,"17":6,"18":0,"19":0,"20":6,"21":12,"22":1,"23":0,"24":1,"25":1,"26":1,"27":1,"28":1,"29":1,"30":1,"31":0,"32":0,"33":0,"34":12,"35":1,"36":1,"37":1,"38":1,"39":1,"40":1,"41":0,"42":0,"43":12,"44":6,"45":12,"46":0,"47":12,"48":1,"49":1,"50":0,"51":0,"52":0,"53":0,"54":6,"55":1,"56":1,"57":0,"58":2,"59":2,"60":0,"61":0},"f":{"0":12,"1":6,"2":1,"3":1,"4":1,"5":1,"6":6,"7":0,"8":1,"9":0,"10":0,"11":6,"12":1,"13":1,"14":0,"15":2,"16":2,"17":0,"18":0},"b":{"0":[0],"1":[0],"2":[0],"3":[0],"4":[6,1],"5":[6,0],"6":[6,0],"7":[6,0],"8":[6,0],"9":[6,0],"10":[0,0],"11":[0,1],"12":[1,0],"13":[0,0],"14":[1,0],"15":[0,0],"16":[6,6],"17":[0,6],"18":[12,1],"19":[1,0],"20":[1,0],"21":[1,0]},"_coverageSchema":"1a1c01bbd47fc00a2c39e90264f33305004495a9","hash":"da910ec3f7cc55921031d94d22daa3a354d1f177"}
,"/Users/yangzhaoyi/Desktop/capstone-project-2025-t1-25t1-9900-w16a-danish/frontend/src/Admin/AdminDashboard.js": {"path":"/Users/yangzhaoyi/Desktop/capstone-project-2025-t1-25t1-9900-w16a-danish/frontend/src/Admin/AdminDashboard.js","statementMap":{"0":{"start":{"line":27,"column":15},"end":{"line":27,"column":59}},"1":{"start":{"line":30,"column":34},"end":{"line":30,"column":48}},"2":{"start":{"line":31,"column":32},"end":{"line":31,"column":46}},"3":{"start":{"line":32,"column":24},"end":{"line":32,"column":35}},"4":{"start":{"line":34,"column":2},"end":{"line":48,"column":9}},"5":{"start":{"line":35,"column":4},"end":{"line":47,"column":9}},"6":{"start":{"line":36,"column":6},"end":{"line":46,"column":7}},"7":{"start":{"line":37,"column":20},"end":{"line":39,"column":9}},"8":{"start":{"line":40,"column":21},"end":{"line":40,"column":37}},"9":{"start":{"line":41,"column":8},"end":{"line":41,"column":34}},"10":{"start":{"line":43,"column":8},"end":{"line":43,"column":51}},"11":{"start":{"line":45,"column":8},"end":{"line":45,"column":26}},"12":{"start":{"line":56,"column":6},"end":{"line":152,"column":16}},"13":{"start":{"line":57,"column":4},"end":{"line":64,"column":8}},"14":{"start":{"line":58,"column":6},"end":{"line":64,"column":8}},"15":{"start":{"line":67,"column":6},"end":{"line":74,"column":11}},"16":{"start":{"line":77,"column":6},"end":{"line":79,"column":35}},"17":{"start":{"line":81,"column":21},"end":{"line":116,"column":5}},"18":{"start":{"line":118,"column":19},"end":{"line":126,"column":5}},"19":{"start":{"line":128,"column":24},"end":{"line":128,"column":54}},"20":{"start":{"line":129,"column":31},"end":{"line":131,"column":55}},"21":{"start":{"line":131,"column":19},"end":{"line":131,"column":53}},"22":{"start":{"line":133,"column":22},"end":{"line":133,"column":53}},"23":{"start":{"line":134,"column":19},"end":{"line":134,"column":45}},"24":{"start":{"line":135,"column":20},"end":{"line":135,"column":40}},"25":{"start":{"line":136,"column":24},"end":{"line":138,"column":12}},"26":{"start":{"line":139,"column":32},"end":{"line":143,"column":7}},"27":{"start":{"line":139,"column":56},"end":{"line":143,"column":5}},"28":{"start":{"line":145,"column":4},"end":{"line":151,"column":6}},"29":{"start":{"line":154,"column":21},"end":{"line":197,"column":3}},"30":{"start":{"line":156,"column":6},"end":{"line":166,"column":7}},"31":{"start":{"line":161,"column":12},"end":{"line":163,"column":25}},"32":{"start":{"line":169,"column":6},"end":{"line":188,"column":14}},"33":{"start":{"line":190,"column":4},"end":{"line":196,"column":6}},"34":{"start":{"line":199,"column":2},"end":{"line":308,"column":4}},"35":{"start":{"line":219,"column":18},"end":{"line":219,"column":51}},"36":{"start":{"line":255,"column":54},"end":{"line":255,"column":63}}},"fnMap":{"0":{"name":"AdminDashboard","decl":{"start":{"line":29,"column":9},"end":{"line":29,"column":23}},"loc":{"start":{"line":29,"column":26},"end":{"line":309,"column":1}},"line":29},"1":{"name":"(anonymous_1)","decl":{"start":{"line":34,"column":12},"end":{"line":34,"column":13}},"loc":{"start":{"line":34,"column":18},"end":{"line":48,"column":3}},"line":34},"2":{"name":"(anonymous_2)","decl":{"start":{"line":35,"column":5},"end":{"line":35,"column":6}},"loc":{"start":{"line":35,"column":17},"end":{"line":47,"column":5}},"line":35},"3":{"name":"(anonymous_3)","decl":{"start":{"line":56,"column":14},"end":{"line":56,"column":15}},"loc":{"start":{"line":56,"column":20},"end":{"line":152,"column":3}},"line":56},"4":{"name":"(anonymous_4)","decl":{"start":{"line":131,"column":11},"end":{"line":131,"column":12}},"loc":{"start":{"line":131,"column":19},"end":{"line":131,"column":53}},"line":131},"5":{"name":"(anonymous_5)","decl":{"start":{"line":139,"column":48},"end":{"line":139,"column":49}},"loc":{"start":{"line":139,"column":56},"end":{"line":143,"column":5}},"line":139},"6":{"name":"(anonymous_6)","decl":{"start":{"line":154,"column":21},"end":{"line":154,"column":22}},"loc":{"start":{"line":154,"column":57},"end":{"line":197,"column":3}},"line":154},"7":{"name":"(anonymous_7)","decl":{"start":{"line":160,"column":23},"end":{"line":160,"column":24}},"loc":{"start":{"line":161,"column":12},"end":{"line":163,"column":25}},"line":161},"8":{"name":"(anonymous_8)","decl":{"start":{"line":218,"column":27},"end":{"line":218,"column":28}},"loc":{"start":{"line":219,"column":18},"end":{"line":219,"column":51}},"line":219},"9":{"name":"(anonymous_9)","decl":{"start":{"line":255,"column":44},"end":{"line":255,"column":45}},"loc":{"start":{"line":255,"column":54},"end":{"line":255,"column":63}},"line":255}},"branchMap":{"0":{"loc":{"start":{"line":41,"column":20},"end":{"line":41,"column":32}},"type":"binary-expr","locations":[{"start":{"line":41,"column":20},"end":{"line":41,"column":24}},{"start":{"line":41,"column":28},"end":{"line":41,"column":32}}],"line":41},"1":{"loc":{"start":{"line":57,"column":4},"end":{"line":64,"column":8}},"type":"if","locations":[{"start":{"line":57,"column":4},"end":{"line":64,"column":8}},{"start":{},"end":{}}],"line":57},"2":{"loc":{"start":{"line":67,"column":6},"end":{"line":74,"column":11}},"type":"cond-expr","locations":[{"start":{"line":68,"column":10},"end":{"line":73,"column":9}},{"start":{"line":74,"column":10},"end":{"line":74,"column":11}}],"line":67},"3":{"loc":{"start":{"line":128,"column":24},"end":{"line":128,"column":54}},"type":"binary-expr","locations":[{"start":{"line":128,"column":24},"end":{"line":128,"column":48}},{"start":{"line":128,"column":52},"end":{"line":128,"column":54}}],"line":128},"4":{"loc":{"start":{"line":133,"column":22},"end":{"line":133,"column":53}},"type":"binary-expr","locations":[{"start":{"line":133,"column":22},"end":{"line":133,"column":47}},{"start":{"line":133,"column":51},"end":{"line":133,"column":53}}],"line":133},"5":{"loc":{"start":{"line":134,"column":19},"end":{"line":134,"column":45}},"type":"binary-expr","locations":[{"start":{"line":134,"column":19},"end":{"line":134,"column":39}},{"start":{"line":134,"column":43},"end":{"line":134,"column":45}}],"line":134},"6":{"loc":{"start":{"line":135,"column":20},"end":{"line":135,"column":40}},"type":"binary-expr","locations":[{"start":{"line":135,"column":20},"end":{"line":135,"column":34}},{"start":{"line":135,"column":38},"end":{"line":135,"column":40}}],"line":135},"7":{"loc":{"start":{"line":141,"column":18},"end":{"line":141,"column":32}},"type":"binary-expr","locations":[{"start":{"line":141,"column":18},"end":{"line":141,"column":27}},{"start":{"line":141,"column":31},"end":{"line":141,"column":32}}],"line":141},"8":{"loc":{"start":{"line":142,"column":12},"end":{"line":142,"column":27}},"type":"binary-expr","locations":[{"start":{"line":142,"column":12},"end":{"line":142,"column":22}},{"start":{"line":142,"column":26},"end":{"line":142,"column":27}}],"line":142},"9":{"loc":{"start":{"line":154,"column":38},"end":{"line":154,"column":50}},"type":"default-arg","locations":[{"start":{"line":154,"column":48},"end":{"line":154,"column":50}}],"line":154},"10":{"loc":{"start":{"line":156,"column":6},"end":{"line":166,"column":7}},"type":"cond-expr","locations":[{"start":{"line":157,"column":8},"end":{"line":157,"column":10}},{"start":{"line":159,"column":8},"end":{"line":165,"column":14}}],"line":156},"11":{"loc":{"start":{"line":190,"column":11},"end":{"line":196,"column":5}},"type":"cond-expr","locations":[{"start":{"line":191,"column":6},"end":{"line":193,"column":16}},{"start":{"line":195,"column":6},"end":{"line":195,"column":10}}],"line":190},"12":{"loc":{"start":{"line":209,"column":11},"end":{"line":304,"column":11}},"type":"cond-expr","locations":[{"start":{"line":210,"column":12},"end":{"line":212,"column":18}},{"start":{"line":213,"column":14},"end":{"line":304,"column":11}}],"line":209},"13":{"loc":{"start":{"line":213,"column":14},"end":{"line":304,"column":11}},"type":"cond-expr","locations":[{"start":{"line":214,"column":12},"end":{"line":214,"column":69}},{"start":{"line":216,"column":12},"end":{"line":303,"column":15}}],"line":213},"14":{"loc":{"start":{"line":257,"column":19},"end":{"line":257,"column":75}},"type":"binary-expr","locations":[{"start":{"line":257,"column":19},"end":{"line":257,"column":38}},{"start":{"line":257,"column":42},"end":{"line":257,"column":75}}],"line":257},"15":{"loc":{"start":{"line":260,"column":17},"end":{"line":275,"column":17}},"type":"binary-expr","locations":[{"start":{"line":260,"column":17},"end":{"line":260,"column":26}},{"start":{"line":261,"column":18},"end":{"line":274,"column":40}}],"line":260},"16":{"loc":{"start":{"line":277,"column":17},"end":{"line":301,"column":17}},"type":"binary-expr","locations":[{"start":{"line":277,"column":17},"end":{"line":277,"column":26}},{"start":{"line":277,"column":30},"end":{"line":277,"column":49}},{"start":{"line":278,"column":18},"end":{"line":300,"column":40}}],"line":277}},"s":{"0":1,"1":5,"2":5,"3":5,"4":5,"5":3,"6":3,"7":3,"8":3,"9":3,"10":0,"11":3,"12":5,"13":4,"14":3,"15":1,"16":1,"17":1,"18":1,"19":1,"20":1,"21":2,"22":1,"23":1,"24":1,"25":1,"26":1,"27":2,"28":1,"29":5,"30":4,"31":8,"32":4,"33":4,"34":5,"35":4,"36":0},"f":{"0":5,"1":3,"2":3,"3":4,"4":2,"5":2,"6":4,"7":8,"8":4,"9":0},"b":{"0":[3,1],"1":[3,1],"2":[1,0],"3":[1,0],"4":[1,0],"5":[1,0],"6":[1,0],"7":[2,0],"8":[2,0],"9":[1],"10":[1,3],"11":[3,1],"12":[3,2],"13":[1,1],"14":[1,1],"15":[1,1],"16":[1,0,0]},"_coverageSchema":"1a1c01bbd47fc00a2c39e90264f33305004495a9","hash":"7d5c3ce9c18ee5d9568b400ba36bc56bbda0a4b1"}
,"/Users/yangzhaoyi/Desktop/capstone-project-2025-t1-25t1-9900-w16a-danish/frontend/src/Admin/AdminProfile.js": {"path":"/Users/yangzhaoyi/Desktop/capstone-project-2025-t1-25t1-9900-w16a-danish/frontend/src/Admin/AdminProfile.js","statementMap":{"0":{"start":{"line":8,"column":34},"end":{"line":14,"column":4}},"1":{"start":{"line":16,"column":50},"end":{"line":16,"column":65}},"2":{"start":{"line":17,"column":36},"end":{"line":17,"column":48}},"3":{"start":{"line":18,"column":38},"end":{"line":18,"column":52}},"4":{"start":{"line":19,"column":44},"end":{"line":19,"column":56}},"5":{"start":{"line":21,"column":2},"end":{"line":47,"column":9}},"6":{"start":{"line":22,"column":26},"end":{"line":44,"column":5}},"7":{"start":{"line":23,"column":6},"end":{"line":43,"column":7}},"8":{"start":{"line":24,"column":25},"end":{"line":29,"column":10}},"9":{"start":{"line":30,"column":21},"end":{"line":30,"column":42}},"10":{"start":{"line":31,"column":8},"end":{"line":40,"column":9}},"11":{"start":{"line":32,"column":10},"end":{"line":38,"column":13}},"12":{"start":{"line":39,"column":10},"end":{"line":39,"column":39}},"13":{"start":{"line":42,"column":8},"end":{"line":42,"column":58}},"14":{"start":{"line":46,"column":4},"end":{"line":46,"column":20}},"15":{"start":{"line":49,"column":23},"end":{"line":52,"column":3}},"16":{"start":{"line":50,"column":28},"end":{"line":50,"column":36}},"17":{"start":{"line":51,"column":4},"end":{"line":51,"column":64}},"18":{"start":{"line":51,"column":31},"end":{"line":51,"column":61}},"19":{"start":{"line":54,"column":23},"end":{"line":87,"column":3}},"20":{"start":{"line":55,"column":4},"end":{"line":55,"column":23}},"21":{"start":{"line":57,"column":4},"end":{"line":63,"column":5}},"22":{"start":{"line":58,"column":28},"end":{"line":58,"column":48}},"23":{"start":{"line":59,"column":6},"end":{"line":62,"column":7}},"24":{"start":{"line":60,"column":8},"end":{"line":60,"column":101}},"25":{"start":{"line":61,"column":8},"end":{"line":61,"column":15}},"26":{"start":{"line":65,"column":4},"end":{"line":86,"column":5}},"27":{"start":{"line":66,"column":23},"end":{"line":77,"column":8}},"28":{"start":{"line":78,"column":19},"end":{"line":78,"column":40}},"29":{"start":{"line":79,"column":6},"end":{"line":83,"column":7}},"30":{"start":{"line":80,"column":8},"end":{"line":80,"column":46}},"31":{"start":{"line":82,"column":8},"end":{"line":82,"column":56}},"32":{"start":{"line":85,"column":6},"end":{"line":85,"column":54}},"33":{"start":{"line":89,"column":32},"end":{"line":91,"column":3}},"34":{"start":{"line":90,"column":4},"end":{"line":90,"column":30}},"35":{"start":{"line":93,"column":29},"end":{"line":102,"column":3}},"36":{"start":{"line":94,"column":17},"end":{"line":94,"column":34}},"37":{"start":{"line":95,"column":4},"end":{"line":101,"column":5}},"38":{"start":{"line":96,"column":6},"end":{"line":98,"column":7}},"39":{"start":{"line":97,"column":8},"end":{"line":97,"column":43}},"40":{"start":{"line":99,"column":6},"end":{"line":99,"column":26}},"41":{"start":{"line":100,"column":6},"end":{"line":100,"column":50}},"42":{"start":{"line":104,"column":27},"end":{"line":137,"column":3}},"43":{"start":{"line":105,"column":4},"end":{"line":105,"column":28}},"44":{"start":{"line":105,"column":21},"end":{"line":105,"column":28}},"45":{"start":{"line":107,"column":27},"end":{"line":107,"column":41}},"46":{"start":{"line":108,"column":4},"end":{"line":108,"column":46}},"47":{"start":{"line":110,"column":4},"end":{"line":132,"column":5}},"48":{"start":{"line":111,"column":23},"end":{"line":118,"column":8}},"49":{"start":{"line":119,"column":19},"end":{"line":119,"column":40}},"50":{"start":{"line":120,"column":6},"end":{"line":129,"column":7}},"51":{"start":{"line":121,"column":8},"end":{"line":123,"column":9}},"52":{"start":{"line":122,"column":10},"end":{"line":122,"column":41}},"53":{"start":{"line":124,"column":8},"end":{"line":124,"column":37}},"54":{"start":{"line":126,"column":8},"end":{"line":126,"column":33}},"55":{"start":{"line":128,"column":8},"end":{"line":128,"column":56}},"56":{"start":{"line":131,"column":6},"end":{"line":131,"column":54}},"57":{"start":{"line":134,"column":4},"end":{"line":134,"column":24}},"58":{"start":{"line":135,"column":4},"end":{"line":135,"column":25}},"59":{"start":{"line":136,"column":4},"end":{"line":136,"column":31}},"60":{"start":{"line":139,"column":34},"end":{"line":146,"column":3}},"61":{"start":{"line":140,"column":4},"end":{"line":142,"column":5}},"62":{"start":{"line":141,"column":6},"end":{"line":141,"column":41}},"63":{"start":{"line":143,"column":4},"end":{"line":143,"column":24}},"64":{"start":{"line":144,"column":4},"end":{"line":144,"column":25}},"65":{"start":{"line":145,"column":4},"end":{"line":145,"column":31}},"66":{"start":{"line":148,"column":2},"end":{"line":154,"column":18}},"67":{"start":{"line":149,"column":4},"end":{"line":153,"column":6}},"68":{"start":{"line":150,"column":6},"end":{"line":152,"column":7}},"69":{"start":{"line":151,"column":8},"end":{"line":151,"column":39}},"70":{"start":{"line":156,"column":2},"end":{"line":213,"column":4}}},"fnMap":{"0":{"name":"AdminProfile","decl":{"start":{"line":7,"column":9},"end":{"line":7,"column":21}},"loc":{"start":{"line":7,"column":24},"end":{"line":214,"column":1}},"line":7},"1":{"name":"(anonymous_1)","decl":{"start":{"line":21,"column":12},"end":{"line":21,"column":13}},"loc":{"start":{"line":21,"column":18},"end":{"line":47,"column":3}},"line":21},"2":{"name":"(anonymous_2)","decl":{"start":{"line":22,"column":26},"end":{"line":22,"column":27}},"loc":{"start":{"line":22,"column":38},"end":{"line":44,"column":5}},"line":22},"3":{"name":"(anonymous_3)","decl":{"start":{"line":49,"column":23},"end":{"line":49,"column":24}},"loc":{"start":{"line":49,"column":30},"end":{"line":52,"column":3}},"line":49},"4":{"name":"(anonymous_4)","decl":{"start":{"line":51,"column":16},"end":{"line":51,"column":17}},"loc":{"start":{"line":51,"column":31},"end":{"line":51,"column":61}},"line":51},"5":{"name":"(anonymous_5)","decl":{"start":{"line":54,"column":23},"end":{"line":54,"column":24}},"loc":{"start":{"line":54,"column":36},"end":{"line":87,"column":3}},"line":54},"6":{"name":"(anonymous_6)","decl":{"start":{"line":89,"column":32},"end":{"line":89,"column":33}},"loc":{"start":{"line":89,"column":38},"end":{"line":91,"column":3}},"line":89},"7":{"name":"(anonymous_7)","decl":{"start":{"line":93,"column":29},"end":{"line":93,"column":30}},"loc":{"start":{"line":93,"column":36},"end":{"line":102,"column":3}},"line":93},"8":{"name":"(anonymous_8)","decl":{"start":{"line":104,"column":27},"end":{"line":104,"column":28}},"loc":{"start":{"line":104,"column":39},"end":{"line":137,"column":3}},"line":104},"9":{"name":"(anonymous_9)","decl":{"start":{"line":139,"column":34},"end":{"line":139,"column":35}},"loc":{"start":{"line":139,"column":40},"end":{"line":146,"column":3}},"line":139},"10":{"name":"(anonymous_10)","decl":{"start":{"line":148,"column":12},"end":{"line":148,"column":13}},"loc":{"start":{"line":148,"column":18},"end":{"line":154,"column":3}},"line":148},"11":{"name":"(anonymous_11)","decl":{"start":{"line":149,"column":11},"end":{"line":149,"column":12}},"loc":{"start":{"line":149,"column":17},"end":{"line":153,"column":5}},"line":149}},"branchMap":{"0":{"loc":{"start":{"line":13,"column":10},"end":{"line":13,"column":44}},"type":"binary-expr","locations":[{"start":{"line":13,"column":10},"end":{"line":13,"column":38}},{"start":{"line":13,"column":42},"end":{"line":13,"column":44}}],"line":13},"1":{"loc":{"start":{"line":31,"column":8},"end":{"line":40,"column":9}},"type":"if","locations":[{"start":{"line":31,"column":8},"end":{"line":40,"column":9}},{"start":{},"end":{}}],"line":31},"2":{"loc":{"start":{"line":33,"column":18},"end":{"line":33,"column":33}},"type":"binary-expr","locations":[{"start":{"line":33,"column":18},"end":{"line":33,"column":27}},{"start":{"line":33,"column":31},"end":{"line":33,"column":33}}],"line":33},"3":{"loc":{"start":{"line":34,"column":19},"end":{"line":34,"column":35}},"type":"binary-expr","locations":[{"start":{"line":34,"column":19},"end":{"line":34,"column":29}},{"start":{"line":34,"column":33},"end":{"line":34,"column":35}}],"line":34},"4":{"loc":{"start":{"line":36,"column":25},"end":{"line":36,"column":47}},"type":"binary-expr","locations":[{"start":{"line":36,"column":25},"end":{"line":36,"column":41}},{"start":{"line":36,"column":45},"end":{"line":36,"column":47}}],"line":36},"5":{"loc":{"start":{"line":37,"column":18},"end":{"line":37,"column":52}},"type":"binary-expr","locations":[{"start":{"line":37,"column":18},"end":{"line":37,"column":46}},{"start":{"line":37,"column":50},"end":{"line":37,"column":52}}],"line":37},"6":{"loc":{"start":{"line":57,"column":4},"end":{"line":63,"column":5}},"type":"if","locations":[{"start":{"line":57,"column":4},"end":{"line":63,"column":5}},{"start":{},"end":{}}],"line":57},"7":{"loc":{"start":{"line":59,"column":6},"end":{"line":62,"column":7}},"type":"if","locations":[{"start":{"line":59,"column":6},"end":{"line":62,"column":7}},{"start":{},"end":{}}],"line":59},"8":{"loc":{"start":{"line":79,"column":6},"end":{"line":83,"column":7}},"type":"if","locations":[{"start":{"line":79,"column":6},"end":{"line":83,"column":7}},{"start":{"line":81,"column":13},"end":{"line":83,"column":7}}],"line":79},"9":{"loc":{"start":{"line":82,"column":14},"end":{"line":82,"column":54}},"type":"binary-expr","locations":[{"start":{"line":82,"column":14},"end":{"line":82,"column":26}},{"start":{"line":82,"column":30},"end":{"line":82,"column":54}}],"line":82},"10":{"loc":{"start":{"line":95,"column":4},"end":{"line":101,"column":5}},"type":"if","locations":[{"start":{"line":95,"column":4},"end":{"line":101,"column":5}},{"start":{},"end":{}}],"line":95},"11":{"loc":{"start":{"line":96,"column":6},"end":{"line":98,"column":7}},"type":"if","locations":[{"start":{"line":96,"column":6},"end":{"line":98,"column":7}},{"start":{},"end":{}}],"line":96},"12":{"loc":{"start":{"line":105,"column":4},"end":{"line":105,"column":28}},"type":"if","locations":[{"start":{"line":105,"column":4},"end":{"line":105,"column":28}},{"start":{},"end":{}}],"line":105},"13":{"loc":{"start":{"line":120,"column":6},"end":{"line":129,"column":7}},"type":"if","locations":[{"start":{"line":120,"column":6},"end":{"line":129,"column":7}},{"start":{"line":127,"column":13},"end":{"line":129,"column":7}}],"line":120},"14":{"loc":{"start":{"line":121,"column":8},"end":{"line":123,"column":9}},"type":"if","locations":[{"start":{"line":121,"column":8},"end":{"line":123,"column":9}},{"start":{},"end":{}}],"line":121},"15":{"loc":{"start":{"line":128,"column":14},"end":{"line":128,"column":54}},"type":"binary-expr","locations":[{"start":{"line":128,"column":14},"end":{"line":128,"column":26}},{"start":{"line":128,"column":30},"end":{"line":128,"column":54}}],"line":128},"16":{"loc":{"start":{"line":140,"column":4},"end":{"line":142,"column":5}},"type":"if","locations":[{"start":{"line":140,"column":4},"end":{"line":142,"column":5}},{"start":{},"end":{}}],"line":140},"17":{"loc":{"start":{"line":150,"column":6},"end":{"line":152,"column":7}},"type":"if","locations":[{"start":{"line":150,"column":6},"end":{"line":152,"column":7}},{"start":{},"end":{}}],"line":150},"18":{"loc":{"start":{"line":166,"column":21},"end":{"line":166,"column":44}},"type":"binary-expr","locations":[{"start":{"line":166,"column":21},"end":{"line":166,"column":30}},{"start":{"line":166,"column":34},"end":{"line":166,"column":44}}],"line":166},"19":{"loc":{"start":{"line":192,"column":48},"end":{"line":192,"column":74}},"type":"binary-expr","locations":[{"start":{"line":192,"column":48},"end":{"line":192,"column":68}},{"start":{"line":192,"column":72},"end":{"line":192,"column":74}}],"line":192}},"s":{"0":3,"1":3,"2":3,"3":3,"4":3,"5":3,"6":1,"7":1,"8":1,"9":1,"10":1,"11":1,"12":1,"13":0,"14":1,"15":3,"16":2,"17":2,"18":2,"19":3,"20":1,"21":1,"22":1,"23":1,"24":0,"25":0,"26":1,"27":1,"28":1,"29":1,"30":1,"31":0,"32":0,"33":3,"34":0,"35":3,"36":0,"37":0,"38":0,"39":0,"40":0,"41":0,"42":3,"43":0,"44":0,"45":0,"46":0,"47":0,"48":0,"49":0,"50":0,"51":0,"52":0,"53":0,"54":0,"55":0,"56":0,"57":0,"58":0,"59":0,"60":3,"61":0,"62":0,"63":0,"64":0,"65":0,"66":3,"67":2,"68":2,"69":0,"70":3},"f":{"0":3,"1":1,"2":1,"3":2,"4":2,"5":1,"6":0,"7":0,"8":0,"9":0,"10":2,"11":2},"b":{"0":[3,0],"1":[1,0],"2":[1,1],"3":[1,1],"4":[1,1],"5":[1,0],"6":[1,0],"7":[0,1],"8":[1,0],"9":[0,0],"10":[0,0],"11":[0,0],"12":[0,0],"13":[0,0],"14":[0,0],"15":[0,0],"16":[0,0],"17":[0,2],"18":[3,3],"19":[3,3]},"_coverageSchema":"1a1c01bbd47fc00a2c39e90264f33305004495a9","hash":"784075e6faf4296afc30e7ccd396eb854dcc4a29"}
,"/Users/yangzhaoyi/Desktop/capstone-project-2025-t1-25t1-9900-w16a-danish/frontend/src/Admin/Sidebar.js": {"path":"/Users/yangzhaoyi/Desktop/capstone-project-2025-t1-25t1-9900-w16a-danish/frontend/src/Admin/Sidebar.js","statementMap":{"0":{"start":{"line":6,"column":19},"end":{"line":6,"column":32}},"1":{"start":{"line":7,"column":19},"end":{"line":7,"column":32}},"2":{"start":{"line":8,"column":38},"end":{"line":8,"column":65}},"3":{"start":{"line":9,"column":16},"end":{"line":9,"column":45}},"4":{"start":{"line":11,"column":26},"end":{"line":22,"column":3}},"5":{"start":{"line":12,"column":4},"end":{"line":12,"column":27}},"6":{"start":{"line":13,"column":18},"end":{"line":13,"column":47}},"7":{"start":{"line":14,"column":4},"end":{"line":17,"column":5}},"8":{"start":{"line":15,"column":6},"end":{"line":15,"column":60}},"9":{"start":{"line":16,"column":6},"end":{"line":16,"column":13}},"10":{"start":{"line":18,"column":4},"end":{"line":21,"column":5}},"11":{"start":{"line":19,"column":6},"end":{"line":19,"column":34}},"12":{"start":{"line":20,"column":6},"end":{"line":20,"column":39}},"13":{"start":{"line":24,"column":29},"end":{"line":35,"column":3}},"14":{"start":{"line":25,"column":4},"end":{"line":25,"column":27}},"15":{"start":{"line":26,"column":18},"end":{"line":26,"column":47}},"16":{"start":{"line":27,"column":4},"end":{"line":30,"column":5}},"17":{"start":{"line":28,"column":6},"end":{"line":28,"column":60}},"18":{"start":{"line":29,"column":6},"end":{"line":29,"column":13}},"19":{"start":{"line":31,"column":4},"end":{"line":34,"column":5}},"20":{"start":{"line":32,"column":6},"end":{"line":32,"column":32}},"21":{"start":{"line":33,"column":6},"end":{"line":33,"column":37}},"22":{"start":{"line":37,"column":37},"end":{"line":46,"column":3}},"23":{"start":{"line":38,"column":4},"end":{"line":38,"column":27}},"24":{"start":{"line":39,"column":18},"end":{"line":39,"column":47}},"25":{"start":{"line":40,"column":4},"end":{"line":43,"column":5}},"26":{"start":{"line":41,"column":6},"end":{"line":41,"column":60}},"27":{"start":{"line":42,"column":6},"end":{"line":42,"column":13}},"28":{"start":{"line":44,"column":4},"end":{"line":44,"column":36}},"29":{"start":{"line":45,"column":4},"end":{"line":45,"column":41}},"30":{"start":{"line":48,"column":37},"end":{"line":57,"column":3}},"31":{"start":{"line":49,"column":4},"end":{"line":49,"column":27}},"32":{"start":{"line":50,"column":18},"end":{"line":50,"column":47}},"33":{"start":{"line":51,"column":4},"end":{"line":54,"column":5}},"34":{"start":{"line":52,"column":6},"end":{"line":52,"column":60}},"35":{"start":{"line":53,"column":6},"end":{"line":53,"column":13}},"36":{"start":{"line":55,"column":4},"end":{"line":55,"column":33}},"37":{"start":{"line":56,"column":4},"end":{"line":56,"column":38}},"38":{"start":{"line":59,"column":2},"end":{"line":106,"column":4}}},"fnMap":{"0":{"name":"Sidebar","decl":{"start":{"line":5,"column":9},"end":{"line":5,"column":16}},"loc":{"start":{"line":5,"column":19},"end":{"line":107,"column":1}},"line":5},"1":{"name":"(anonymous_1)","decl":{"start":{"line":11,"column":26},"end":{"line":11,"column":27}},"loc":{"start":{"line":11,"column":37},"end":{"line":22,"column":3}},"line":11},"2":{"name":"(anonymous_2)","decl":{"start":{"line":24,"column":29},"end":{"line":24,"column":30}},"loc":{"start":{"line":24,"column":40},"end":{"line":35,"column":3}},"line":24},"3":{"name":"(anonymous_3)","decl":{"start":{"line":37,"column":37},"end":{"line":37,"column":38}},"loc":{"start":{"line":37,"column":48},"end":{"line":46,"column":3}},"line":37},"4":{"name":"(anonymous_4)","decl":{"start":{"line":48,"column":37},"end":{"line":48,"column":38}},"loc":{"start":{"line":48,"column":48},"end":{"line":57,"column":3}},"line":48}},"branchMap":{"0":{"loc":{"start":{"line":14,"column":4},"end":{"line":17,"column":5}},"type":"if","locations":[{"start":{"line":14,"column":4},"end":{"line":17,"column":5}},{"start":{},"end":{}}],"line":14},"1":{"loc":{"start":{"line":18,"column":4},"end":{"line":21,"column":5}},"type":"if","locations":[{"start":{"line":18,"column":4},"end":{"line":21,"column":5}},{"start":{},"end":{}}],"line":18},"2":{"loc":{"start":{"line":27,"column":4},"end":{"line":30,"column":5}},"type":"if","locations":[{"start":{"line":27,"column":4},"end":{"line":30,"column":5}},{"start":{},"end":{}}],"line":27},"3":{"loc":{"start":{"line":31,"column":4},"end":{"line":34,"column":5}},"type":"if","locations":[{"start":{"line":31,"column":4},"end":{"line":34,"column":5}},{"start":{},"end":{}}],"line":31},"4":{"loc":{"start":{"line":40,"column":4},"end":{"line":43,"column":5}},"type":"if","locations":[{"start":{"line":40,"column":4},"end":{"line":43,"column":5}},{"start":{},"end":{}}],"line":40},"5":{"loc":{"start":{"line":51,"column":4},"end":{"line":54,"column":5}},"type":"if","locations":[{"start":{"line":51,"column":4},"end":{"line":54,"column":5}},{"start":{},"end":{}}],"line":51},"6":{"loc":{"start":{"line":67,"column":25},"end":{"line":67,"column":86}},"type":"cond-expr","locations":[{"start":{"line":67,"column":68},"end":{"line":67,"column":81}},{"start":{"line":67,"column":84},"end":{"line":67,"column":86}}],"line":67},"7":{"loc":{"start":{"line":69,"column":15},"end":{"line":69,"column":95}},"type":"binary-expr","locations":[{"start":{"line":69,"column":15},"end":{"line":69,"column":54}},{"start":{"line":69,"column":58},"end":{"line":69,"column":95}}],"line":69},"8":{"loc":{"start":{"line":77,"column":25},"end":{"line":77,"column":84}},"type":"cond-expr","locations":[{"start":{"line":77,"column":66},"end":{"line":77,"column":79}},{"start":{"line":77,"column":82},"end":{"line":77,"column":84}}],"line":77},"9":{"loc":{"start":{"line":79,"column":15},"end":{"line":79,"column":94}},"type":"binary-expr","locations":[{"start":{"line":79,"column":15},"end":{"line":79,"column":53}},{"start":{"line":79,"column":57},"end":{"line":79,"column":94}}],"line":79},"10":{"loc":{"start":{"line":87,"column":25},"end":{"line":87,"column":90}},"type":"cond-expr","locations":[{"start":{"line":87,"column":72},"end":{"line":87,"column":85}},{"start":{"line":87,"column":88},"end":{"line":87,"column":90}}],"line":87},"11":{"loc":{"start":{"line":89,"column":15},"end":{"line":89,"column":100}},"type":"binary-expr","locations":[{"start":{"line":89,"column":15},"end":{"line":89,"column":59}},{"start":{"line":89,"column":63},"end":{"line":89,"column":100}}],"line":89},"12":{"loc":{"start":{"line":97,"column":25},"end":{"line":97,"column":87}},"type":"cond-expr","locations":[{"start":{"line":97,"column":69},"end":{"line":97,"column":82}},{"start":{"line":97,"column":85},"end":{"line":97,"column":87}}],"line":97},"13":{"loc":{"start":{"line":99,"column":15},"end":{"line":99,"column":97}},"type":"binary-expr","locations":[{"start":{"line":99,"column":15},"end":{"line":99,"column":56}},{"start":{"line":99,"column":60},"end":{"line":99,"column":97}}],"line":99}},"s":{"0":25,"1":25,"2":25,"3":25,"4":25,"5":0,"6":0,"7":0,"8":0,"9":0,"10":0,"11":0,"12":0,"13":25,"14":0,"15":0,"16":0,"17":0,"18":0,"19":0,"20":0,"21":0,"22":25,"23":0,"24":0,"25":0,"26":0,"27":0,"28":0,"29":0,"30":25,"31":0,"32":0,"33":0,"34":0,"35":0,"36":0,"37":0,"38":25},"f":{"0":25,"1":0,"2":0,"3":0,"4":0},"b":{"0":[0,0],"1":[0,0],"2":[0,0],"3":[0,0],"4":[0,0],"5":[0,0],"6":[0,25],"7":[25,0],"8":[0,25],"9":[25,0],"10":[0,25],"11":[25,0],"12":[0,25],"13":[25,0]},"_coverageSchema":"1a1c01bbd47fc00a2c39e90264f33305004495a9","hash":"99ecfc111d4aa1f9e67cbe53d6a4455a8a6ef6b6"}
,"/Users/yangzhaoyi/Desktop/capstone-project-2025-t1-25t1-9900-w16a-danish/frontend/src/Admin/TopBar.js": {"path":"/Users/yangzhaoyi/Desktop/capstone-project-2025-t1-25t1-9900-w16a-danish/frontend/src/Admin/TopBar.js","statementMap":{"0":{"start":{"line":16,"column":26},"end":{"line":16,"column":41}},"1":{"start":{"line":17,"column":36},"end":{"line":17,"column":48}},"2":{"start":{"line":18,"column":28},"end":{"line":18,"column":40}},"3":{"start":{"line":19,"column":19},"end":{"line":19,"column":32}},"4":{"start":{"line":21,"column":2},"end":{"line":41,"column":9}},"5":{"start":{"line":22,"column":4},"end":{"line":22,"column":44}},"6":{"start":{"line":24,"column":28},"end":{"line":38,"column":5}},"7":{"start":{"line":25,"column":6},"end":{"line":37,"column":7}},"8":{"start":{"line":26,"column":25},"end":{"line":30,"column":10}},"9":{"start":{"line":31,"column":21},"end":{"line":31,"column":42}},"10":{"start":{"line":32,"column":8},"end":{"line":34,"column":9}},"11":{"start":{"line":33,"column":10},"end":{"line":33,"column":39}},"12":{"start":{"line":36,"column":8},"end":{"line":36,"column":61}},"13":{"start":{"line":40,"column":4},"end":{"line":40,"column":22}},"14":{"start":{"line":43,"column":21},"end":{"line":43,"column":40}},"15":{"start":{"line":43,"column":27},"end":{"line":43,"column":40}},"16":{"start":{"line":44,"column":22},"end":{"line":44,"column":42}},"17":{"start":{"line":44,"column":28},"end":{"line":44,"column":42}},"18":{"start":{"line":46,"column":30},"end":{"line":59,"column":3}},"19":{"start":{"line":47,"column":4},"end":{"line":54,"column":5}},"20":{"start":{"line":48,"column":6},"end":{"line":51,"column":9}},"21":{"start":{"line":53,"column":6},"end":{"line":53,"column":42}},"22":{"start":{"line":56,"column":4},"end":{"line":56,"column":25}},"23":{"start":{"line":57,"column":4},"end":{"line":57,"column":19}},"24":{"start":{"line":58,"column":4},"end":{"line":58,"column":31}},"25":{"start":{"line":61,"column":28},"end":{"line":65,"column":3}},"26":{"start":{"line":62,"column":4},"end":{"line":64,"column":5}},"27":{"start":{"line":63,"column":6},"end":{"line":63,"column":32}},"28":{"start":{"line":67,"column":2},"end":{"line":101,"column":4}}},"fnMap":{"0":{"name":"TopBar","decl":{"start":{"line":15,"column":9},"end":{"line":15,"column":15}},"loc":{"start":{"line":15,"column":18},"end":{"line":102,"column":1}},"line":15},"1":{"name":"(anonymous_1)","decl":{"start":{"line":21,"column":12},"end":{"line":21,"column":13}},"loc":{"start":{"line":21,"column":18},"end":{"line":41,"column":3}},"line":21},"2":{"name":"(anonymous_2)","decl":{"start":{"line":24,"column":28},"end":{"line":24,"column":29}},"loc":{"start":{"line":24,"column":40},"end":{"line":38,"column":5}},"line":24},"3":{"name":"(anonymous_3)","decl":{"start":{"line":43,"column":21},"end":{"line":43,"column":22}},"loc":{"start":{"line":43,"column":27},"end":{"line":43,"column":40}},"line":43},"4":{"name":"(anonymous_4)","decl":{"start":{"line":44,"column":22},"end":{"line":44,"column":23}},"loc":{"start":{"line":44,"column":28},"end":{"line":44,"column":42}},"line":44},"5":{"name":"(anonymous_5)","decl":{"start":{"line":46,"column":30},"end":{"line":46,"column":31}},"loc":{"start":{"line":46,"column":42},"end":{"line":59,"column":3}},"line":46},"6":{"name":"(anonymous_6)","decl":{"start":{"line":61,"column":28},"end":{"line":61,"column":29}},"loc":{"start":{"line":61,"column":34},"end":{"line":65,"column":3}},"line":61}},"branchMap":{"0":{"loc":{"start":{"line":32,"column":8},"end":{"line":34,"column":9}},"type":"if","locations":[{"start":{"line":32,"column":8},"end":{"line":34,"column":9}},{"start":{},"end":{}}],"line":32},"1":{"loc":{"start":{"line":32,"column":12},"end":{"line":32,"column":41}},"type":"binary-expr","locations":[{"start":{"line":32,"column":12},"end":{"line":32,"column":23}},{"start":{"line":32,"column":27},"end":{"line":32,"column":41}}],"line":32},"2":{"loc":{"start":{"line":62,"column":4},"end":{"line":64,"column":5}},"type":"if","locations":[{"start":{"line":62,"column":4},"end":{"line":64,"column":5}},{"start":{},"end":{}}],"line":62},"3":{"loc":{"start":{"line":82,"column":17},"end":{"line":82,"column":40}},"type":"binary-expr","locations":[{"start":{"line":82,"column":17},"end":{"line":82,"column":26}},{"start":{"line":82,"column":30},"end":{"line":82,"column":40}}],"line":82}},"s":{"0":37,"1":37,"2":37,"3":37,"4":37,"5":12,"6":12,"7":12,"8":12,"9":12,"10":9,"11":0,"12":3,"13":12,"14":37,"15":0,"16":37,"17":0,"18":37,"19":0,"20":0,"21":0,"22":0,"23":0,"24":0,"25":37,"26":0,"27":0,"28":37},"f":{"0":37,"1":12,"2":12,"3":0,"4":0,"5":0,"6":0},"b":{"0":[0,9],"1":[9,8],"2":[0,0],"3":[37,37]},"_coverageSchema":"1a1c01bbd47fc00a2c39e90264f33305004495a9","hash":"284f9cf979b7557686bd8f6c101bc92c7b8c2268"}
,"/Users/yangzhaoyi/Desktop/capstone-project-2025-t1-25t1-9900-w16a-danish/frontend/src/Organizer/CheckSubmissions.js": {"path":"/Users/yangzhaoyi/Desktop/capstone-project-2025-t1-25t1-9900-w16a-danish/frontend/src/Organizer/CheckSubmissions.js","statementMap":{"0":{"start":{"line":34,"column":28},"end":{"line":34,"column":39}},"1":{"start":{"line":35,"column":19},"end":{"line":35,"column":32}},"2":{"start":{"line":36,"column":16},"end":{"line":36,"column":45}},"3":{"start":{"line":37,"column":16},"end":{"line":37,"column":45}},"4":{"start":{"line":38,"column":17},"end":{"line":38,"column":47}},"5":{"start":{"line":39,"column":15},"end":{"line":39,"column":43}},"6":{"start":{"line":41,"column":40},"end":{"line":41,"column":52}},"7":{"start":{"line":42,"column":38},"end":{"line":42,"column":49}},"8":{"start":{"line":43,"column":38},"end":{"line":43,"column":49}},"9":{"start":{"line":44,"column":26},"end":{"line":44,"column":37}},"10":{"start":{"line":45,"column":32},"end":{"line":45,"column":44}},"11":{"start":{"line":46,"column":30},"end":{"line":46,"column":51}},"12":{"start":{"line":47,"column":28},"end":{"line":47,"column":44}},"13":{"start":{"line":48,"column":32},"end":{"line":48,"column":47}},"14":{"start":{"line":49,"column":48},"end":{"line":49,"column":60}},"15":{"start":{"line":51,"column":54},"end":{"line":51,"column":68}},"16":{"start":{"line":52,"column":38},"end":{"line":52,"column":53}},"17":{"start":{"line":53,"column":42},"end":{"line":53,"column":54}},"18":{"start":{"line":54,"column":46},"end":{"line":54,"column":58}},"19":{"start":{"line":56,"column":27},"end":{"line":82,"column":72}},"20":{"start":{"line":57,"column":4},"end":{"line":57,"column":21}},"21":{"start":{"line":58,"column":4},"end":{"line":81,"column":5}},"22":{"start":{"line":59,"column":18},"end":{"line":68,"column":7}},"23":{"start":{"line":69,"column":19},"end":{"line":69,"column":35}},"24":{"start":{"line":70,"column":6},"end":{"line":76,"column":7}},"25":{"start":{"line":71,"column":8},"end":{"line":71,"column":40}},"26":{"start":{"line":72,"column":8},"end":{"line":72,"column":39}},"27":{"start":{"line":73,"column":8},"end":{"line":73,"column":39}},"28":{"start":{"line":75,"column":8},"end":{"line":75,"column":60}},"29":{"start":{"line":78,"column":6},"end":{"line":78,"column":56}},"30":{"start":{"line":80,"column":6},"end":{"line":80,"column":24}},"31":{"start":{"line":84,"column":2},"end":{"line":99,"column":22}},"32":{"start":{"line":85,"column":33},"end":{"line":97,"column":5}},"33":{"start":{"line":86,"column":6},"end":{"line":96,"column":7}},"34":{"start":{"line":87,"column":20},"end":{"line":87,"column":86}},"35":{"start":{"line":88,"column":21},"end":{"line":88,"column":37}},"36":{"start":{"line":89,"column":8},"end":{"line":93,"column":9}},"37":{"start":{"line":90,"column":10},"end":{"line":90,"column":65}},"38":{"start":{"line":92,"column":10},"end":{"line":92,"column":67}},"39":{"start":{"line":95,"column":8},"end":{"line":95,"column":63}},"40":{"start":{"line":98,"column":4},"end":{"line":98,"column":27}},"41":{"start":{"line":101,"column":2},"end":{"line":103,"column":25}},"42":{"start":{"line":102,"column":4},"end":{"line":102,"column":23}},"43":{"start":{"line":105,"column":23},"end":{"line":108,"column":3}},"44":{"start":{"line":106,"column":4},"end":{"line":106,"column":31}},"45":{"start":{"line":107,"column":4},"end":{"line":107,"column":15}},"46":{"start":{"line":110,"column":27},"end":{"line":113,"column":3}},"47":{"start":{"line":111,"column":4},"end":{"line":111,"column":58}},"48":{"start":{"line":111,"column":24},"end":{"line":111,"column":55}},"49":{"start":{"line":112,"column":4},"end":{"line":112,"column":15}},"50":{"start":{"line":115,"column":27},"end":{"line":120,"column":3}},"51":{"start":{"line":116,"column":4},"end":{"line":116,"column":38}},"52":{"start":{"line":117,"column":4},"end":{"line":117,"column":111}},"53":{"start":{"line":118,"column":4},"end":{"line":118,"column":55}},"54":{"start":{"line":119,"column":4},"end":{"line":119,"column":24}},"55":{"start":{"line":122,"column":29},"end":{"line":151,"column":3}},"56":{"start":{"line":123,"column":4},"end":{"line":123,"column":36}},"57":{"start":{"line":123,"column":29},"end":{"line":123,"column":36}},"58":{"start":{"line":124,"column":4},"end":{"line":150,"column":5}},"59":{"start":{"line":125,"column":18},"end":{"line":138,"column":8}},"60":{"start":{"line":139,"column":6},"end":{"line":146,"column":7}},"61":{"start":{"line":140,"column":8},"end":{"line":140,"column":49}},"62":{"start":{"line":141,"column":8},"end":{"line":141,"column":29}},"63":{"start":{"line":142,"column":8},"end":{"line":142,"column":27}},"64":{"start":{"line":144,"column":20},"end":{"line":144,"column":36}},"65":{"start":{"line":145,"column":8},"end":{"line":145,"column":49}},"66":{"start":{"line":148,"column":6},"end":{"line":148,"column":41}},"67":{"start":{"line":149,"column":6},"end":{"line":149,"column":25}},"68":{"start":{"line":153,"column":2},"end":{"line":301,"column":4}},"69":{"start":{"line":196,"column":22},"end":{"line":233,"column":33}},"70":{"start":{"line":205,"column":45},"end":{"line":205,"column":94}},"71":{"start":{"line":229,"column":69},"end":{"line":229,"column":88}},"72":{"start":{"line":242,"column":38},"end":{"line":242,"column":50}},"73":{"start":{"line":247,"column":55},"end":{"line":247,"column":75}},"74":{"start":{"line":269,"column":43},"end":{"line":269,"column":74}},"75":{"start":{"line":281,"column":41},"end":{"line":281,"column":74}},"76":{"start":{"line":288,"column":41},"end":{"line":288,"column":61}},"77":{"start":{"line":293,"column":71},"end":{"line":293,"column":113}}},"fnMap":{"0":{"name":"OrganizerSubmissions","decl":{"start":{"line":33,"column":9},"end":{"line":33,"column":29}},"loc":{"start":{"line":33,"column":32},"end":{"line":302,"column":1}},"line":33},"1":{"name":"(anonymous_1)","decl":{"start":{"line":56,"column":39},"end":{"line":56,"column":40}},"loc":{"start":{"line":56,"column":51},"end":{"line":82,"column":3}},"line":56},"2":{"name":"(anonymous_2)","decl":{"start":{"line":84,"column":12},"end":{"line":84,"column":13}},"loc":{"start":{"line":84,"column":18},"end":{"line":99,"column":3}},"line":84},"3":{"name":"(anonymous_3)","decl":{"start":{"line":85,"column":33},"end":{"line":85,"column":34}},"loc":{"start":{"line":85,"column":45},"end":{"line":97,"column":5}},"line":85},"4":{"name":"(anonymous_4)","decl":{"start":{"line":101,"column":12},"end":{"line":101,"column":13}},"loc":{"start":{"line":101,"column":18},"end":{"line":103,"column":3}},"line":101},"5":{"name":"(anonymous_5)","decl":{"start":{"line":105,"column":23},"end":{"line":105,"column":24}},"loc":{"start":{"line":105,"column":30},"end":{"line":108,"column":3}},"line":105},"6":{"name":"(anonymous_6)","decl":{"start":{"line":110,"column":27},"end":{"line":110,"column":28}},"loc":{"start":{"line":110,"column":33},"end":{"line":113,"column":3}},"line":110},"7":{"name":"(anonymous_7)","decl":{"start":{"line":111,"column":13},"end":{"line":111,"column":14}},"loc":{"start":{"line":111,"column":24},"end":{"line":111,"column":55}},"line":111},"8":{"name":"(anonymous_8)","decl":{"start":{"line":115,"column":27},"end":{"line":115,"column":28}},"loc":{"start":{"line":115,"column":43},"end":{"line":120,"column":3}},"line":115},"9":{"name":"(anonymous_9)","decl":{"start":{"line":122,"column":29},"end":{"line":122,"column":30}},"loc":{"start":{"line":122,"column":41},"end":{"line":151,"column":3}},"line":122},"10":{"name":"(anonymous_10)","decl":{"start":{"line":195,"column":37},"end":{"line":195,"column":38}},"loc":{"start":{"line":196,"column":22},"end":{"line":233,"column":33}},"line":196},"11":{"name":"(anonymous_11)","decl":{"start":{"line":205,"column":39},"end":{"line":205,"column":40}},"loc":{"start":{"line":205,"column":45},"end":{"line":205,"column":94}},"line":205},"12":{"name":"(anonymous_12)","decl":{"start":{"line":229,"column":63},"end":{"line":229,"column":64}},"loc":{"start":{"line":229,"column":69},"end":{"line":229,"column":88}},"line":229},"13":{"name":"(anonymous_13)","decl":{"start":{"line":242,"column":26},"end":{"line":242,"column":27}},"loc":{"start":{"line":242,"column":38},"end":{"line":242,"column":50}},"line":242},"14":{"name":"(anonymous_14)","decl":{"start":{"line":247,"column":49},"end":{"line":247,"column":50}},"loc":{"start":{"line":247,"column":55},"end":{"line":247,"column":75}},"line":247},"15":{"name":"(anonymous_15)","decl":{"start":{"line":269,"column":36},"end":{"line":269,"column":37}},"loc":{"start":{"line":269,"column":43},"end":{"line":269,"column":74}},"line":269},"16":{"name":"(anonymous_16)","decl":{"start":{"line":281,"column":34},"end":{"line":281,"column":35}},"loc":{"start":{"line":281,"column":41},"end":{"line":281,"column":74}},"line":281},"17":{"name":"(anonymous_17)","decl":{"start":{"line":288,"column":35},"end":{"line":288,"column":36}},"loc":{"start":{"line":288,"column":41},"end":{"line":288,"column":61}},"line":288},"18":{"name":"(anonymous_18)","decl":{"start":{"line":293,"column":65},"end":{"line":293,"column":66}},"loc":{"start":{"line":293,"column":71},"end":{"line":293,"column":113}},"line":293}},"branchMap":{"0":{"loc":{"start":{"line":70,"column":6},"end":{"line":76,"column":7}},"type":"if","locations":[{"start":{"line":70,"column":6},"end":{"line":76,"column":7}},{"start":{"line":74,"column":13},"end":{"line":76,"column":7}}],"line":70},"1":{"loc":{"start":{"line":71,"column":23},"end":{"line":71,"column":38}},"type":"binary-expr","locations":[{"start":{"line":71,"column":23},"end":{"line":71,"column":32}},{"start":{"line":71,"column":36},"end":{"line":71,"column":38}}],"line":71},"2":{"loc":{"start":{"line":72,"column":22},"end":{"line":72,"column":37}},"type":"binary-expr","locations":[{"start":{"line":72,"column":22},"end":{"line":72,"column":32}},{"start":{"line":72,"column":36},"end":{"line":72,"column":37}}],"line":72},"3":{"loc":{"start":{"line":73,"column":22},"end":{"line":73,"column":37}},"type":"binary-expr","locations":[{"start":{"line":73,"column":22},"end":{"line":73,"column":32}},{"start":{"line":73,"column":36},"end":{"line":73,"column":37}}],"line":73},"4":{"loc":{"start":{"line":89,"column":8},"end":{"line":93,"column":9}},"type":"if","locations":[{"start":{"line":89,"column":8},"end":{"line":93,"column":9}},{"start":{"line":91,"column":15},"end":{"line":93,"column":9}}],"line":89},"5":{"loc":{"start":{"line":90,"column":29},"end":{"line":90,"column":63}},"type":"binary-expr","locations":[{"start":{"line":90,"column":29},"end":{"line":90,"column":38}},{"start":{"line":90,"column":42},"end":{"line":90,"column":63}}],"line":90},"6":{"loc":{"start":{"line":111,"column":24},"end":{"line":111,"column":55}},"type":"cond-expr","locations":[{"start":{"line":111,"column":41},"end":{"line":111,"column":47}},{"start":{"line":111,"column":50},"end":{"line":111,"column":55}}],"line":111},"7":{"loc":{"start":{"line":117,"column":20},"end":{"line":117,"column":109}},"type":"cond-expr","locations":[{"start":{"line":117,"column":81},"end":{"line":117,"column":104}},{"start":{"line":117,"column":107},"end":{"line":117,"column":109}}],"line":117},"8":{"loc":{"start":{"line":118,"column":22},"end":{"line":118,"column":53}},"type":"binary-expr","locations":[{"start":{"line":118,"column":22},"end":{"line":118,"column":47}},{"start":{"line":118,"column":51},"end":{"line":118,"column":53}}],"line":118},"9":{"loc":{"start":{"line":123,"column":4},"end":{"line":123,"column":36}},"type":"if","locations":[{"start":{"line":123,"column":4},"end":{"line":123,"column":36}},{"start":{},"end":{}}],"line":123},"10":{"loc":{"start":{"line":139,"column":6},"end":{"line":146,"column":7}},"type":"if","locations":[{"start":{"line":139,"column":6},"end":{"line":146,"column":7}},{"start":{"line":143,"column":13},"end":{"line":146,"column":7}}],"line":139},"11":{"loc":{"start":{"line":176,"column":11},"end":{"line":297,"column":11}},"type":"cond-expr","locations":[{"start":{"line":177,"column":12},"end":{"line":179,"column":18}},{"start":{"line":181,"column":12},"end":{"line":296,"column":15}}],"line":176},"12":{"loc":{"start":{"line":201,"column":27},"end":{"line":211,"column":27}},"type":"cond-expr","locations":[{"start":{"line":202,"column":28},"end":{"line":208,"column":37}},{"start":{"line":210,"column":28},"end":{"line":210,"column":33}}],"line":201},"13":{"loc":{"start":{"line":217,"column":30},"end":{"line":221,"column":44}},"type":"cond-expr","locations":[{"start":{"line":218,"column":34},"end":{"line":218,"column":41}},{"start":{"line":219,"column":34},"end":{"line":221,"column":44}}],"line":217},"14":{"loc":{"start":{"line":219,"column":34},"end":{"line":221,"column":44}},"type":"cond-expr","locations":[{"start":{"line":220,"column":36},"end":{"line":220,"column":41}},{"start":{"line":221,"column":36},"end":{"line":221,"column":44}}],"line":219},"15":{"loc":{"start":{"line":225,"column":29},"end":{"line":225,"column":56}},"type":"binary-expr","locations":[{"start":{"line":225,"column":29},"end":{"line":225,"column":43}},{"start":{"line":225,"column":47},"end":{"line":225,"column":56}}],"line":225},"16":{"loc":{"start":{"line":250,"column":19},"end":{"line":285,"column":19}},"type":"binary-expr","locations":[{"start":{"line":250,"column":19},"end":{"line":250,"column":37}},{"start":{"line":251,"column":20},"end":{"line":284,"column":26}}],"line":250},"17":{"loc":{"start":{"line":262,"column":23},"end":{"line":264,"column":23}},"type":"binary-expr","locations":[{"start":{"line":262,"column":23},"end":{"line":262,"column":71}},{"start":{"line":263,"column":24},"end":{"line":263,"column":107}}],"line":262},"18":{"loc":{"start":{"line":268,"column":33},"end":{"line":268,"column":100}},"type":"cond-expr","locations":[{"start":{"line":268,"column":83},"end":{"line":268,"column":95}},{"start":{"line":268,"column":98},"end":{"line":268,"column":100}}],"line":268}},"s":{"0":10,"1":10,"2":10,"3":10,"4":10,"5":10,"6":10,"7":10,"8":10,"9":10,"10":10,"11":10,"12":10,"13":10,"14":10,"15":10,"16":10,"17":10,"18":10,"19":10,"20":3,"21":3,"22":3,"23":3,"24":3,"25":3,"26":3,"27":3,"28":0,"29":0,"30":3,"31":10,"32":3,"33":3,"34":3,"35":3,"36":3,"37":3,"38":0,"39":0,"40":3,"41":10,"42":3,"43":10,"44":0,"45":0,"46":10,"47":0,"48":0,"49":0,"50":10,"51":1,"52":1,"53":1,"54":1,"55":10,"56":0,"57":0,"58":0,"59":0,"60":0,"61":0,"62":0,"63":0,"64":0,"65":0,"66":0,"67":0,"68":10,"69":4,"70":0,"71":1,"72":0,"73":0,"74":0,"75":0,"76":1,"77":0},"f":{"0":10,"1":3,"2":3,"3":3,"4":3,"5":0,"6":0,"7":0,"8":1,"9":0,"10":4,"11":0,"12":1,"13":0,"14":0,"15":0,"16":0,"17":1,"18":0},"b":{"0":[3,0],"1":[3,0],"2":[3,0],"3":[3,0],"4":[3,0],"5":[3,0],"6":[0,0],"7":[0,1],"8":[1,1],"9":[0,0],"10":[0,0],"11":[3,7],"12":[4,0],"13":[0,4],"14":[0,4],"15":[4,0],"16":[7,2],"17":[2,2],"18":[0,2]},"_coverageSchema":"1a1c01bbd47fc00a2c39e90264f33305004495a9","hash":"d49f59e6c34c5dd61db99eccba99d86e2cfd5062"}
,"/Users/yangzhaoyi/Desktop/capstone-project-2025-t1-25t1-9900-w16a-danish/frontend/src/Organizer/Contest.js": {"path":"/Users/yangzhaoyi/Desktop/capstone-project-2025-t1-25t1-9900-w16a-danish/frontend/src/Organizer/Contest.js","statementMap":{"0":{"start":{"line":22,"column":40},"end":{"line":32,"column":4}},"1":{"start":{"line":34,"column":40},"end":{"line":34,"column":52}},"2":{"start":{"line":35,"column":19},"end":{"line":35,"column":32}},"3":{"start":{"line":36,"column":27},"end":{"line":36,"column":66}},"4":{"start":{"line":37,"column":20},"end":{"line":37,"column":31}},"5":{"start":{"line":39,"column":23},"end":{"line":42,"column":3}},"6":{"start":{"line":40,"column":28},"end":{"line":40,"column":36}},"7":{"start":{"line":41,"column":4},"end":{"line":41,"column":67}},"8":{"start":{"line":41,"column":34},"end":{"line":41,"column":64}},"9":{"start":{"line":44,"column":22},"end":{"line":52,"column":3}},"10":{"start":{"line":45,"column":4},"end":{"line":51,"column":5}},"11":{"start":{"line":46,"column":6},"end":{"line":49,"column":10}},"12":{"start":{"line":46,"column":36},"end":{"line":49,"column":7}},"13":{"start":{"line":50,"column":6},"end":{"line":50,"column":25}},"14":{"start":{"line":54,"column":25},"end":{"line":59,"column":3}},"15":{"start":{"line":55,"column":4},"end":{"line":58,"column":8}},"16":{"start":{"line":55,"column":34},"end":{"line":58,"column":5}},"17":{"start":{"line":57,"column":65},"end":{"line":57,"column":76}},"18":{"start":{"line":61,"column":29},"end":{"line":68,"column":3}},"19":{"start":{"line":62,"column":4},"end":{"line":67,"column":8}},"20":{"start":{"line":62,"column":34},"end":{"line":67,"column":5}},"21":{"start":{"line":65,"column":51},"end":{"line":65,"column":63}},"22":{"start":{"line":70,"column":24},"end":{"line":77,"column":3}},"23":{"start":{"line":71,"column":16},"end":{"line":71,"column":26}},"24":{"start":{"line":72,"column":18},"end":{"line":72,"column":63}},"25":{"start":{"line":73,"column":16},"end":{"line":73,"column":59}},"26":{"start":{"line":74,"column":4},"end":{"line":74,"column":39}},"27":{"start":{"line":74,"column":21},"end":{"line":74,"column":39}},"28":{"start":{"line":75,"column":4},"end":{"line":75,"column":53}},"29":{"start":{"line":75,"column":36},"end":{"line":75,"column":53}},"30":{"start":{"line":76,"column":4},"end":{"line":76,"column":23}},"31":{"start":{"line":79,"column":21},"end":{"line":117,"column":3}},"32":{"start":{"line":80,"column":4},"end":{"line":116,"column":5}},"33":{"start":{"line":81,"column":22},"end":{"line":94,"column":7}},"34":{"start":{"line":95,"column":6},"end":{"line":95,"column":47}},"35":{"start":{"line":97,"column":23},"end":{"line":104,"column":8}},"36":{"start":{"line":106,"column":19},"end":{"line":106,"column":40}},"37":{"start":{"line":107,"column":6},"end":{"line":112,"column":7}},"38":{"start":{"line":108,"column":8},"end":{"line":108,"column":50}},"39":{"start":{"line":109,"column":8},"end":{"line":109,"column":51}},"40":{"start":{"line":111,"column":8},"end":{"line":111,"column":82}},"41":{"start":{"line":114,"column":6},"end":{"line":114,"column":54}},"42":{"start":{"line":115,"column":6},"end":{"line":115,"column":49}},"43":{"start":{"line":119,"column":2},"end":{"line":283,"column":4}},"44":{"start":{"line":189,"column":31},"end":{"line":189,"column":61}},"45":{"start":{"line":196,"column":14},"end":{"line":201,"column":19}},"46":{"start":{"line":198,"column":63},"end":{"line":198,"column":84}},"47":{"start":{"line":208,"column":14},"end":{"line":217,"column":16}},"48":{"start":{"line":213,"column":36},"end":{"line":213,"column":62}},"49":{"start":{"line":276,"column":27},"end":{"line":276,"column":69}}},"fnMap":{"0":{"name":"OrganizerContest","decl":{"start":{"line":21,"column":9},"end":{"line":21,"column":25}},"loc":{"start":{"line":21,"column":28},"end":{"line":284,"column":1}},"line":21},"1":{"name":"(anonymous_1)","decl":{"start":{"line":39,"column":23},"end":{"line":39,"column":24}},"loc":{"start":{"line":39,"column":30},"end":{"line":42,"column":3}},"line":39},"2":{"name":"(anonymous_2)","decl":{"start":{"line":41,"column":19},"end":{"line":41,"column":20}},"loc":{"start":{"line":41,"column":34},"end":{"line":41,"column":64}},"line":41},"3":{"name":"(anonymous_3)","decl":{"start":{"line":44,"column":22},"end":{"line":44,"column":23}},"loc":{"start":{"line":44,"column":28},"end":{"line":52,"column":3}},"line":44},"4":{"name":"(anonymous_4)","decl":{"start":{"line":46,"column":21},"end":{"line":46,"column":22}},"loc":{"start":{"line":46,"column":36},"end":{"line":49,"column":7}},"line":46},"5":{"name":"(anonymous_5)","decl":{"start":{"line":54,"column":25},"end":{"line":54,"column":26}},"loc":{"start":{"line":54,"column":36},"end":{"line":59,"column":3}},"line":54},"6":{"name":"(anonymous_6)","decl":{"start":{"line":55,"column":19},"end":{"line":55,"column":20}},"loc":{"start":{"line":55,"column":34},"end":{"line":58,"column":5}},"line":55},"7":{"name":"(anonymous_7)","decl":{"start":{"line":57,"column":55},"end":{"line":57,"column":56}},"loc":{"start":{"line":57,"column":65},"end":{"line":57,"column":76}},"line":57},"8":{"name":"(anonymous_8)","decl":{"start":{"line":61,"column":29},"end":{"line":61,"column":30}},"loc":{"start":{"line":61,"column":41},"end":{"line":68,"column":3}},"line":61},"9":{"name":"(anonymous_9)","decl":{"start":{"line":62,"column":19},"end":{"line":62,"column":20}},"loc":{"start":{"line":62,"column":34},"end":{"line":67,"column":5}},"line":62},"10":{"name":"(anonymous_10)","decl":{"start":{"line":65,"column":44},"end":{"line":65,"column":45}},"loc":{"start":{"line":65,"column":51},"end":{"line":65,"column":63}},"line":65},"11":{"name":"(anonymous_11)","decl":{"start":{"line":70,"column":24},"end":{"line":70,"column":25}},"loc":{"start":{"line":70,"column":30},"end":{"line":77,"column":3}},"line":70},"12":{"name":"(anonymous_12)","decl":{"start":{"line":79,"column":21},"end":{"line":79,"column":22}},"loc":{"start":{"line":79,"column":33},"end":{"line":117,"column":3}},"line":79},"13":{"name":"(anonymous_13)","decl":{"start":{"line":189,"column":24},"end":{"line":189,"column":25}},"loc":{"start":{"line":189,"column":31},"end":{"line":189,"column":61}},"line":189},"14":{"name":"(anonymous_14)","decl":{"start":{"line":195,"column":45},"end":{"line":195,"column":46}},"loc":{"start":{"line":196,"column":14},"end":{"line":201,"column":19}},"line":196},"15":{"name":"(anonymous_15)","decl":{"start":{"line":198,"column":57},"end":{"line":198,"column":58}},"loc":{"start":{"line":198,"column":63},"end":{"line":198,"column":84}},"line":198},"16":{"name":"(anonymous_16)","decl":{"start":{"line":207,"column":34},"end":{"line":207,"column":35}},"loc":{"start":{"line":208,"column":14},"end":{"line":217,"column":16}},"line":208},"17":{"name":"(anonymous_17)","decl":{"start":{"line":213,"column":30},"end":{"line":213,"column":31}},"loc":{"start":{"line":213,"column":36},"end":{"line":213,"column":62}},"line":213},"18":{"name":"(anonymous_18)","decl":{"start":{"line":276,"column":21},"end":{"line":276,"column":22}},"loc":{"start":{
[...]
,"/Users/yangzhaoyi/Desktop/capstone-project-2025-t1-25t1-9900-w16a-danish/frontend/src/Organizer/TopBar.js": {"path":"/Users/yangzhaoyi/Desktop/capstone-project-2025-t1-25t1-9900-w16a-danish/frontend/src/Organizer/TopBar.js","statementMap":{"0":{"start":{"line":16,"column":26},"end":{"line":16,"column":41}},"1":{"start":{"line":17,"column":36},"end":{"line":17,"column":48}},"2":{"start":{"line":18,"column":28},"end":{"line":18,"column":40}},"3":{"start":{"line":19,"column":19},"end":{"line":19,"column":32}},"4":{"start":{"line":21,"column":2},"end":{"line":41,"column":9}},"5":{"start":{"line":22,"column":4},"end":{"line":22,"column":44}},"6":{"start":{"line":24,"column":28},"end":{"line":38,"column":5}},"7":{"start":{"line":25,"column":6},"end":{"line":37,"column":7}},"8":{"start":{"line":26,"column":25},"end":{"line":30,"column":10}},"9":{"start":{"line":31,"column":21},"end":{"line":31,"column":42}},"10":{"start":{"line":32,"column":8},"end":{"line":34,"column":9}},"11":{"start":{"line":33,"column":10},"end":{"line":33,"column":39}},"12":{"start":{"line":36,"column":8},"end":{"line":36,"column":61}},"13":{"start":{"line":40,"column":4},"end":{"line":40,"column":22}},"14":{"start":{"line":43,"column":21},"end":{"line":43,"column":40}},"15":{"start":{"line":43,"column":27},"end":{"line":43,"column":40}},"16":{"start":{"line":44,"column":22},"end":{"line":44,"column":42}},"17":{"start":{"line":44,"column":28},"end":{"line":44,"column":42}},"18":{"start":{"line":46,"column":30},"end":{"line":59,"column":3}},"19":{"start":{"line":47,"column":4},"end":{"line":54,"column":5}},"20":{"start":{"line":48,"column":6},"end":{"line":51,"column":9}},"21":{"start":{"line":53,"column":6},"end":{"line":53,"column":42}},"22":{"start":{"line":56,"column":4},"end":{"line":56,"column":25}},"23":{"start":{"line":57,"column":4},"end":{"line":57,"column":19}},"24":{"start":{"line":58,"column":4},"end":{"line":58,"column":31}},"25":{"start":{"line":61,"column":28},"end":{"line":65,"column":3}},"26":{"start":{"line":62,"column":4},"end":{"line":64,"column":5}},"27":{"start":{"line":63,"column":6},"end":{"line":63,"column":45}},"28":{"start":{"line":67,"column":2},"end":{"line":101,"column":4}}},"fnMap":{"0":{"name":"TopBar","decl":{"start":{"line":15,"column":9},"end":{"line":15,"column":15}},"loc":{"start":{"line":15,"column":18},"end":{"line":102,"column":1}},"line":15},"1":{"name":"(anonymous_1)","decl":{"start":{"line":21,"column":12},"end":{"line":21,"column":13}},"loc":{"start":{"line":21,"column":18},"end":{"line":41,"column":3}},"line":21},"2":{"name":"(anonymous_2)","decl":{"start":{"line":24,"column":28},"end":{"line":24,"column":29}},"loc":{"start":{"line":24,"column":40},"end":{"line":38,"column":5}},"line":24},"3":{"name":"(anonymous_3)","decl":{"start":{"line":43,"column":21},"end":{"line":43,"column":22}},"loc":{"start":{"line":43,"column":27},"end":{"line":43,"column":40}},"line":43},"4":{"name":"(anonymous_4)","decl":{"start":{"line":44,"column":22},"end":{"line":44,"column":23}},"loc":{"start":{"line":44,"column":28},"end":{"line":44,"column":42}},"line":44},"5":{"name":"(anonymous_5)","decl":{"start":{"line":46,"column":30},"end":{"line":46,"column":31}},"loc":{"start":{"line":46,"column":42},"end":{"line":59,"column":3}},"line":46},"6":{"name":"(anonymous_6)","decl":{"start":{"line":61,"column":28},"end":{"line":61,"column":29}},"loc":{"start":{"line":61,"column":34},"end":{"line":65,"column":3}},"line":61}},"branchMap":{"0":{"loc":{"start":{"line":32,"column":8},"end":{"line":34,"column":9}},"type":"if","locations":[{"start":{"line":32,"column":8},"end":{"line":34,"column":9}},{"start":{},"end":{}}],"line":32},"1":{"loc":{"start":{"line":32,"column":12},"end":{"line":32,"column":41}},"type":"binary-expr","locations":[{"start":{"line":32,"column":12},"end":{"line":32,"column":23}},{"start":{"line":32,"column":27},"end":{"line":32,"column":41}}],"line":32},"2":{"loc":{"start":{"line":62,"column":4},"end":{"line":64,"column":5}},"type":"if","locations":[{"start":{"line":62,"column":4},"end":{"line":64,"column":5}},{"start":{},"end":{}}],"line":62},"3":{"loc":{"start":{"line":82,"column":17},"end":{"line":82,"column":40}},"type":"binary-expr","locations":[{"start":{"line":82,"column":17},"end":{"line":82,"column":26}},{"start":{"line":82,"column":30},"end":{"line":82,"column":40}}],"line":82}},"s":{"0":115,"1":115,"2":115,"3":115,"4":115,"5":35,"6":35,"7":35,"8":35,"9":35,"10":25,"11":5,"12":10,"13":35,"14":115,"15":2,"16":115,"17":0,"18":115,"19":1,"20":1,"21":0,"22":1,"23":1,"24":1,"25":115,"26":1,"27":1,"28":115},"f":{"0":115,"1":35,"2":35,"3":2,"4":0,"5":1,"6":1},"b":{"0":[5,20],"1":[25,25],"2":[1,0],"3":[115,111]},"_coverageSchema":"1a1c01bbd47fc00a2c39e90264f33305004495a9","hash":"b9460cc2a42d3fa146a883df785dd2b91b19be65"}
,"/Users/yangzhaoyi/Desktop/capstone-project-2025-t1-25t1-9900-w16a-danish/frontend/src/Organizer/UploadMedia.js": {"path":"/Users/yangzhaoyi/Desktop/capstone-project-2025-t1-25t1-9900-w16a-danish/frontend/src/Organizer/UploadMedia.js","statementMap":{"0":{"start":{"line":10,"column":17},"end":{"line":10,"column":28}},"1":{"start":{"line":11,"column":19},"end":{"line":11,"column":32}},"2":{"start":{"line":12,"column":28},"end":{"line":12,"column":40}},"3":{"start":{"line":13,"column":34},"end":{"line":13,"column":46}},"4":{"start":{"line":14,"column":36},"end":{"line":14,"column":51}},"5":{"start":{"line":15,"column":44},"end":{"line":15,"column":81}},"6":{"start":{"line":16,"column":40},"end":{"line":16,"column":52}},"7":{"start":{"line":17,"column":16},"end":{"line":17,"column":45}},"8":{"start":{"line":19,"column":28},"end":{"line":39,"column":10}},"9":{"start":{"line":20,"column":4},"end":{"line":38,"column":5}},"10":{"start":{"line":21,"column":18},"end":{"line":25,"column":8}},"11":{"start":{"line":26,"column":19},"end":{"line":26,"column":35}},"12":{"start":{"line":27,"column":6},"end":{"line":35,"column":7}},"13":{"start":{"line":28,"column":8},"end":{"line":28,"column":40}},"14":{"start":{"line":29,"column":8},"end":{"line":32,"column":11}},"15":{"start":{"line":34,"column":8},"end":{"line":34,"column":65}},"16":{"start":{"line":37,"column":6},"end":{"line":37,"column":50}},"17":{"start":{"line":41,"column":2},"end":{"line":43,"column":26}},"18":{"start":{"line":42,"column":4},"end":{"line":42,"column":24}},"19":{"start":{"line":45,"column":27},"end":{"line":49,"column":3}},"20":{"start":{"line":46,"column":26},"end":{"line":46,"column":52}},"21":{"start":{"line":47,"column":4},"end":{"line":47,"column":28}},"22":{"start":{"line":48,"column":4},"end":{"line":48,"column":70}},"23":{"start":{"line":48,"column":42},"end":{"line":48,"column":67}},"24":{"start":{"line":51,"column":28},"end":{"line":74,"column":3}},"25":{"start":{"line":52,"column":22},"end":{"line":52,"column":83}},"26":{"start":{"line":53,"column":4},"end":{"line":53,"column":27}},"27":{"start":{"line":53,"column":20},"end":{"line":53,"column":27}},"28":{"start":{"line":55,"column":4},"end":{"line":73,"column":5}},"29":{"start":{"line":56,"column":18},"end":{"line":63,"column":8}},"30":{"start":{"line":64,"column":21},"end":{"line":64,"column":37}},"31":{"start":{"line":65,"column":6},"end":{"line":70,"column":7}},"32":{"start":{"line":66,"column":8},"end":{"line":66,"column":46}},"33":{"start":{"line":67,"column":8},"end":{"line":67,"column":28}},"34":{"start":{"line":69,"column":8},"end":{"line":69,"column":82}},"35":{"start":{"line":72,"column":6},"end":{"line":72,"column":42}},"36":{"start":{"line":76,"column":28},"end":{"line":100,"column":3}},"37":{"start":{"line":77,"column":22},"end":{"line":77,"column":88}},"38":{"start":{"line":78,"column":4},"end":{"line":78,"column":27}},"39":{"start":{"line":78,"column":20},"end":{"line":78,"column":27}},"40":{"start":{"line":80,"column":4},"end":{"line":99,"column":5}},"41":{"start":{"line":81,"column":18},"end":{"line":88,"column":8}},"42":{"start":{"line":90,"column":21},"end":{"line":90,"column":37}},"43":{"start":{"line":91,"column":6},"end":{"line":96,"column":7}},"44":{"start":{"line":92,"column":8},"end":{"line":92,"column":46}},"45":{"start":{"line":93,"column":8},"end":{"line":93,"column":28}},"46":{"start":{"line":95,"column":8},"end":{"line":95,"column":82}},"47":{"start":{"line":98,"column":6},"end":{"line":98,"column":48}},"48":{"start":{"line":102,"column":23},"end":{"line":137,"column":3}},"49":{"start":{"line":103,"column":4},"end":{"line":103,"column":73}},"50":{"start":{"line":103,"column":28},"end":{"line":103,"column":73}},"51":{"start":{"line":104,"column":4},"end":{"line":104,"column":23}},"52":{"start":{"line":106,"column":4},"end":{"line":136,"column":5}},"53":{"start":{"line":107,"column":6},"end":{"line":124,"column":7}},"54":{"start":{"line":108,"column":25},"end":{"line":108,"column":39}},"55":{"start":{"line":109,"column":8},"end":{"line":109,"column":38}},"56":{"start":{"line":110,"column":8},"end":{"line":110,"column":89}},"57":{"start":{"line":112,"column":20},"end":{"line":120,"column":10}},"58":{"start":{"line":122,"column":23},"end":{"line":122,"column":39}},"59":{"start":{"line":123,"column":8},"end":{"line":123,"column":83}},"60":{"start":{"line":123,"column":32},"end":{"line":123,"column":83}},"61":{"start":{"line":126,"column":6},"end":{"line":126,"column":50}},"62":{"start":{"line":127,"column":6},"end":{"line":127,"column":19}},"63":{"start":{"line":128,"column":6},"end":{"line":128,"column":22}},"64":{"start":{"line":129,"column":6},"end":{"line":129,"column":26}},"65":{"start":{"line":130,"column":6},"end":{"line":130,"column":49}},"66":{"start":{"line":132,"column":6},"end":{"line":132,"column":44}},"67":{"start":{"line":133,"column":6},"end":{"line":133,"column":32}},"68":{"start":{"line":135,"column":6},"end":{"line":135,"column":26}},"69":{"start":{"line":139,"column":2},"end":{"line":224,"column":4}},"70":{"start":{"line":166,"column":16},"end":{"line":174,"column":22}},"71":{"start":{"line":169,"column":35},"end":{"line":169,"column":60}},"72":{"start":{"line":192,"column":16},"end":{"line":198,"column":22}},"73":{"start":{"line":217,"column":27},"end":{"line":217,"column":69}}},"fnMap":{"0":{"name":"UploadMedia","decl":{"start":{"line":9,"column":9},"end":{"line":9,"column":20}},"loc":{"start":{"line":9,"column":23},"end":{"line":225,"column":1}},"line":9},"1":{"name":"(anonymous_1)","decl":{"start":{"line":19,"column":40},"end":{"line":19,"column":41}},"loc":{"start":{"line":19,"column":52},"end":{"line":39,"column":3}},"line":19},"2":{"name":"(anonymous_2)","decl":{"start":{"line":41,"column":12},"end":{"line":41,"column":13}},"loc":{"start":{"line":41,"column":18},"end":{"line":43,"column":3}},"line":41},"3":{"name":"(anonymous_3)","decl":{"start":{"line":45,"column":27},"end":{"line":45,"column":28}},"loc":{"start":{"line":45,"column":34},"end":{"line":49,"column":3}},"line":45},"4":{"name":"(anonymous_4)","decl":{"start":{"line":48,"column":34},"end":{"line":48,"column":35}},"loc":{"start":{"line":48,"column":42},"end":{"line":48,"column":67}},"line":48},"5":{"name":"(anonymous_5)","decl":{"start":{"line":51,"column":28},"end":{"line":51,"column":29}},"loc":{"start":{"line":51,"column":48},"end":{"line":74,"column":3}},"line":51},"6":{"name":"(anonymous_6)","decl":{"start":{"line":76,"column":28},"end":{"line":76,"column":29}},"loc":{"start":{"line":76,"column":40},"end":{"line":100,"column":3}},"line":76},"7":{"name":"(anonymous_7)","decl":{"start":{"line":102,"column":23},"end":{"line":102,"column":24}},"loc":{"start":{"line":102,"column":35},"end":{"line":137,"column":3}},"line":102},"8":{"name":"(anonymous_8)","decl":{"start":{"line":165,"column":40},"end":{"line":165,"column":41}},"loc":{"start":{"line":166,"column":16},"end":{"line":174,"column":22}},"line":166},"9":{"name":"(anonymous_9)","decl":{"start":{"line":169,"column":29},"end":{"line":169,"column":30}},"loc":{"start":{"line":169,"column":35},"end":{"line":169,"column":60}},"line":169},"10":{"name":"(anonymous_10)","decl":{"start":{"line":191,"column":28},"end":{"line":191,"column":29}},"loc":{"start":{"line":192,"column":16},"end":{"line":198,"column":22}},"line":192},"11":{"name":"(anonymous_11)","decl":{"start":{"line":217,"column":21},"end":{"line":217,"column":22}},"loc":{"start":{"line":217,"column":27},"end":{"line":217,"column":69}},"line":217}},"branchMap":{"0":{"loc":{"start":{"line":27,"column":6},"end":{"line":35,"column":7}},"type":"if","locations":[{"start":{"line":27,"column":6},"end":{"line":35,"column":7}},{"start":{"line":33,"column":13},"end":{"line":35,"column":7}}],"line":27},"1":{"loc":{"start":{"line":28,"column":23},"end":{"line":28,"column":38}},"type":"binary-expr","locations":[{"start":{"line":28,"column":23},"end":{"line":28,"column":32}},{"start":{"line":28,"column":36},"end":{"line":28,"column":38}}],"line":28},"2":{"loc":{"start":{"line":30,"column":17},"end":{"line":30,"column":43}},"type":"binary-expr","locations":[{"start":{"line":30,"column":17},"end":{"line":30,"column":35}},{"start":{"line":30,"column":39},"end":{"line":30,"column":43}}],"line":30},"3":{"loc":{"start":{"line":31,"column":18},"end":{"line":31,"column":38}},"type":"binary-expr","locations":[{"start":{"line":31,"column":18},"end":{"line":31,"column":32}},{"start":{"line":31,"column":36},"end":{"line":31,"column":38}}],"line":31},"4":{"loc":{"start":{"line":53,"column":4},"end":{"line":53,"column":27}},"type":"if","locations":[{"start":{"line":53,"column":4},"end":{"line":53,"column":27}},{"start":{},"end":{}}],"line":53},"5":{"loc":{"start":{"line":65,"column":6},"end":{"line":70,"column":7}},"type":"if","locations":[{"start":{"line":65,"column":6},"end":{"line":70,"column":7}},{"start":{"line":68,"column":13},"end":{"line":70,"column":7}}],"line":65},"6":{"loc":{"start":{"line":69,"column":46},"end":{"line":69,"column":79}},"type":"binary-expr","locations":[{"start":{"line":69,"column":46},"end":{"line":69,"column":60}},{"start":{"line":69,"column":64},"end":{"line":69,"column":79}}],"line":69},"7":{"loc":{"start":{"line":78,"column":4},"end":{"line":78,"column":27}},"type":"if","locations":[{"start":{"line":78,"column":4},"end":{"line":78,"column":27}},{"start":{},"end":{}}],"line":78},"8":{"loc":{"start":{"line":91,"column":6},"end":{"line":96,"column":7}},"type":"if","locations":[{"start":{"line":91,"column":6},"end":{"line":96,"column":7}},{"start":{"line":94,"column":13},"end":{"line":96,"column":7}}],"line":91},"9":{"loc":{"start":{"line":95,"column":46},"end":{"line":95,"column":79}},"type":"binary-expr","locations":[{"start":{"line":95,"column":46},"end":{"line":95,"column":60}},{"start":{"line":95,"column":64},"end":{"line":95,"column":79}}],"line":95},"10":{"loc":{"start":{"line":103,"column":4},"end":{"line":103,"column":73}},"type":"if","locations":[{"start":{"line":103,"column":4},"end":{"line":103,"column":73}},{"start":{},"end":{}}],"line":103},"11":{"loc":{"start":{"line":110,"column":37},"end":{"line":110,"column":87}},"type":"cond-expr","locations":[{"start":{"line":110,"column":70},"end":{"line":110,"column":77}},{"start":{"line":110,"column":80},"end":{"line":110,"column":87}}],"line":110},"12":{"loc":{"start":{"line":123,"column":8},"end":{"line":123,"column":83}},"type":"if","locations":[{"start":{"line":123,"column":8},"end":{"line":123,"column":83}},{"start":{},"end":{}}],"line":123},"13":{"loc":{"start":{"line":123,"column":12},"end":{"line":123,"column":30}},"type":"binary-expr","locations":[{"start":{"line":123,"column":12},"end":{"line":123,"column":19}},{"start":{"line":123,"column":23},"end":{"line":123,"column":30}}],"line":123},"14":{"loc":{"start":{"line":123,"column":48},"end":{"line":123,"column":81}},"type":"binary-expr","locations":[{"start":{"line":123,"column":48},"end":{"line":123,"column":62}},{"start":{"line":123,"column":66},"end":{"line":123,"column":81}}],"line":123},"15":{"loc":{"start":{"line":146,"column":39},"end":{"line":146,"column":56}},"type":"binary-expr","locations":[{"start":{"line":146,"column":39},"end":{"line":146,"column":50}},{"start":{"line":146,"column":54},"end":{"line":146,"column":56}}],"line":146},"16":{"loc":{"start":{"line":149,"column":11},"end":{"line":160,"column":11}},"type":"binary-expr","locations":[{"start":{"line":149,"column":11},"end":{"line":149,"column":30}},{"start":{"line":150,"column":12},"end":{"line":159,"column":18}}],"line":149},"17":{"loc":{"start":{"line":162,"column":11},"end":{"line":177,"column":11}},"type":"binary-expr","locations":[{"start":{"line":162,"column":11},"end":{"line":162,"column":42}},{"start":{"line":163,"column":12},"end":{"line":176,"column":18}}],"line":162},"18":{"loc":{"start":{"line":188,"column":11},"end":{"line":201,"column":11}},"type":"binary-expr","locations":[{"start":{"line":188,"column":11},"end":{"line":188,"column":30}},{"start":{"line":189,"column":12},"end":{"line":200,"column":18}}],"line":188},"19":{"loc":{"start":{"line":193,"column":19},"end":{"line":197,"column":19}},"type":"cond-expr","locations":[{"start":{"line":194,"column":20},"end":{"line":194,"column":61}},{"start":{"line":196,"column":20},"end":{"line":196,"column":71}}],"line":193},"20":{"loc":{"start":{"line":210,"column":13},"end":{"line":210,"column":50}},"type":"cond-expr","locations":[{"start":{"line":210,"column":25},"end":{"line":210,"column":39}},{"start":{"line":210,"column":42},"end":{"line":210,"column":50}}],"line":210}},"s":{"0":4,"1":4,"2":4,"3":4,"4":4,"5":4,"6":4,"7":4,"8":4,"9":2,"10":2,"11":0,"12":0,"13":0,"14":0,"15":0,"16":2,"17":4,"18":2,"19":4,"20":1,"21":1,"22":1,"23":1,"24":4,"25":0,"26":0,"27":0,"28":0,"29":0,"30":0,"31":0,"32":0,"33":0,"34":0,"35":0,"36":4,"37":0,"38":0,"39":0,"40":0,"41":0,"42":0,"43":0,"44":0,"45":0,"46":0,"47":0,"48":4,"49":0,"50":0,"51":0,"52":0,"53":0,"54":0,"55":0,"56":0,"57":0,"58":0,"59":0,"60":0,"61":0,"62":0,"63":0,"64":0,"65":0,"66":0,"67":0,"68":0,"69":4,"70":0,"71":0,"72":1,"73":1},"f":{"0":4,"1":2,"2":2,"3":1,"4":1,"5":0,"6":0,"7":0,"8":0,"9":0,"10":1,"11":1},"b":{"0":[0,0],"1":[0,0],"2":[0,0],"3":[0,0],"4":[0,0],"5":[0,0],"6":[0,0],"7":[0,0],"8":[0,0],"9":[0,0],"10":[0,0],"11":[0,0],"12":[0,0],"13":[0,0],"14":[0,0],"15":[4,4],"16":[4,0],"17":[4,0],"18":[4,1],"19":[0,1],"20":[0,4]},"_coverageSchema":"1a1c01bbd47fc00a2c39e90264f33305004495a9","hash":"666529ac76119e4283cb8cfd9cb81d69f53b8b9a"}
}
