TN:
SF:src/Admin/AdminAccountManage.js
FN:22,AdminAccountManage
FN:30,(anonymous_1)
FN:68,(anonymous_2)
FN:72,(anonymous_3)
FN:77,(anonymous_4)
FN:81,(anonymous_5)
FN:122,(anonymous_6)
FN:132,(anonymous_7)
FN:144,(anonymous_8)
FN:162,(anonymous_9)
FN:163,(anonymous_10)
FN:175,(anonymous_11)
FNF:12
FNH:9
FNDA:5,AdminAccountManage
FNDA:7,(anonymous_1)
FNDA:3,(anonymous_2)
FNDA:3,(anonymous_3)
FNDA:0,(anonymous_4)
FNDA:1,(anonymous_5)
FNDA:0,(anonymous_6)
FNDA:0,(anonymous_7)
FNDA:2,(anonymous_8)
FNDA:2,(anonymous_9)
FNDA:2,(anonymous_10)
FNDA:1,(anonymous_11)
DA:23,5
DA:24,5
DA:25,5
DA:26,5
DA:27,5
DA:28,5
DA:30,5
DA:31,7
DA:32,7
DA:33,7
DA:42,7
DA:54,7
DA:55,7
DA:56,7
DA:57,7
DA:59,0
DA:62,0
DA:64,7
DA:68,5
DA:69,3
DA:72,5
DA:73,3
DA:74,3
DA:77,5
DA:78,0
DA:81,5
DA:82,1
DA:84,1
DA:85,1
DA:94,1
DA:95,1
DA:96,1
DA:98,0
DA:99,0
DA:102,0
DA:103,0
DA:107,5
DA:123,0
DA:124,0
DA:132,0
DA:144,2
DA:162,2
DA:164,2
DA:175,1
LF:44
LH:34
BRDA:30,0,0,0
BRDA:30,1,0,0
BRDA:30,2,0,0
BRDA:36,3,0,7
BRDA:36,3,1,0
BRDA:37,4,0,7
BRDA:37,4,1,0
BRDA:55,5,0,7
BRDA:55,5,1,0
BRDA:59,6,0,0
BRDA:59,6,1,0
BRDA:82,7,0,0
BRDA:82,7,1,1
BRDA:94,8,0,1
BRDA:94,8,1,0
BRDA:99,9,0,0
BRDA:99,9,1,0
BRDA:142,10,0,3
BRDA:142,10,1,2
BRDA:144,11,0,0
BRDA:144,11,1,2
BRDA:168,12,0,2
BRDA:168,12,1,0
BRF:23
BRH:9
end_of_record
TN:
SF:src/Admin/AdminCompetitionsManage.js
FN:29,AdminCompetitionsManage
FN:42,(anonymous_1)
FN:84,(anonymous_2)
FN:99,(anonymous_3)
FN:99,(anonymous_4)
FN:109,(anonymous_5)
FN:132,(anonymous_6)
FN:136,(anonymous_7)
FN:155,(anonymous_8)
FN:165,(anonymous_9)
FN:182,(anonymous_10)
FN:220,(anonymous_11)
FN:226,(anonymous_12)
FN:240,(anonymous_13)
FN:264,(anonymous_14)
FN:281,(anonymous_15)
FN:285,(anonymous_16)
FN:305,(anonymous_17)
FN:326,(anonymous_18)
FNF:19
FNH:13
FNDA:12,AdminCompetitionsManage
FNDA:6,(anonymous_1)
FNDA:1,(anonymous_2)
FNDA:1,(anonymous_3)
FNDA:1,(anonymous_4)
FNDA:1,(anonymous_5)
FNDA:6,(anonymous_6)
FNDA:0,(anonymous_7)
FNDA:1,(anonymous_8)
FNDA:0,(anonymous_9)
FNDA:0,(anonymous_10)
FNDA:6,(anonymous_11)
FNDA:1,(anonymous_12)
FNDA:1,(anonymous_13)
FNDA:0,(anonymous_14)
FNDA:2,(anonymous_15)
FNDA:2,(anonymous_16)
FNDA:0,(anonymous_17)
FNDA:0,(anonymous_18)
DA:30,12
DA:31,12
DA:32,12
DA:33,12
DA:35,12
DA:36,12
DA:37,12
DA:39,12
DA:40,12
DA:42,12
DA:48,6
DA:49,6
DA:50,6
DA:58,6
DA:70,6
DA:71,6
DA:72,6
DA:73,6
DA:75,0
DA:78,0
DA:80,6
DA:84,12
DA:85,1
DA:87,1
DA:88,1
DA:97,1
DA:98,1
DA:99,1
DA:101,0
DA:102,0
DA:105,0
DA:109,12
DA:110,1
DA:111,1
DA:120,1
DA:121,1
DA:122,1
DA:123,1
DA:125,0
DA:128,0
DA:132,12
DA:133,6
DA:136,12
DA:137,0
DA:140,12
DA:156,1
DA:157,1
DA:166,0
DA:167,0
DA:183,0
DA:184,0
DA:221,6
DA:226,1
DA:240,1
DA:264,0
DA:282,2
DA:286,2
DA:306,0
DA:326,0
LF:59
LH:44
BRDA:43,0,0,0
BRDA:44,1,0,0
BRDA:45,2,0,0
BRDA:46,3,0,0
BRDA:53,4,0,6
BRDA:53,4,1,1
BRDA:54,5,0,6
BRDA:54,5,1,0
BRDA:55,6,0,6
BRDA:55,6,1,0
BRDA:71,7,0,6
BRDA:71,7,1,0
BRDA:72,8,0,6
BRDA:72,8,1,0
BRDA:73,9,0,6
BRDA:73,9,1,0
BRDA:75,10,0,0
BRDA:75,10,1,0
BRDA:85,11,0,0
BRDA:85,11,1,1
BRDA:97,12,0,1
BRDA:97,12,1,0
BRDA:102,13,0,0
BRDA:102,13,1,0
BRDA:121,14,0,1
BRDA:121,14,1,0
BRDA:125,15,0,0
BRDA:125,15,1,0
BRDA:200,16,0,6
BRDA:200,16,1,6
BRDA:202,17,0,0
BRDA:202,17,1,6
BRDA:270,18,0,12
BRDA:270,18,1,1
BRDA:278,19,0,1
BRDA:278,19,1,0
BRDA:288,20,0,1
BRDA:288,20,1,0
BRDA:299,21,0,1
BRDA:299,21,1,0
BRF:40
BRH:18
end_of_record
TN:
SF:src/Admin/AdminDashboard.js
FN:29,AdminDashboard
FN:34,(anonymous_1)
FN:35,(anonymous_2)
FN:56,(anonymous_3)
FN:131,(anonymous_4)
FN:139,(anonymous_5)
FN:154,(anonymous_6)
FN:160,(anonymous_7)
FN:218,(anonymous_8)
FN:255,(anonymous_9)
FNF:10
FNH:9
FNDA:5,AdminDashboard
FNDA:3,(anonymous_1)
FNDA:3,(anonymous_2)
FNDA:4,(anonymous_3)
FNDA:2,(anonymous_4)
FNDA:2,(anonymous_5)
FNDA:4,(anonymous_6)
FNDA:8,(anonymous_7)
FNDA:4,(anonymous_8)
FNDA:0,(anonymous_9)
DA:27,1
DA:30,5
DA:31,5
DA:32,5
DA:34,5
DA:35,3
DA:36,3
DA:37,3
DA:40,3
DA:41,3
DA:43,0
DA:45,3
DA:56,5
DA:57,4
DA:58,3
DA:67,1
DA:77,1
DA:81,1
DA:118,1
DA:128,1
DA:129,1
DA:131,2
DA:133,1
DA:134,1
DA:135,1
DA:136,1
DA:139,2
DA:145,1
DA:154,5
DA:156,4
DA:161,8
DA:169,4
DA:190,4
DA:199,5
DA:219,4
DA:255,0
LF:36
LH:34
BRDA:41,0,0,3
BRDA:41,0,1,1
BRDA:57,1,0,3
BRDA:57,1,1,1
BRDA:67,2,0,1
BRDA:67,2,1,0
BRDA:128,3,0,1
BRDA:128,3,1,0
BRDA:133,4,0,1
BRDA:133,4,1,0
BRDA:134,5,0,1
BRDA:134,5,1,0
BRDA:135,6,0,1
BRDA:135,6,1,0
BRDA:141,7,0,2
BRDA:141,7,1,0
BRDA:142,8,0,2
BRDA:142,8,1,0
BRDA:154,9,0,1
BRDA:156,10,0,1
BRDA:156,10,1,3
BRDA:190,11,0,3
BRDA:190,11,1,1
BRDA:209,12,0,3
BRDA:209,12,1,2
BRDA:213,13,0,1
BRDA:213,13,1,1
BRDA:257,14,0,1
BRDA:257,14,1,1
BRDA:260,15,0,1
BRDA:260,15,1,1
BRDA:277,16,0,1
BRDA:277,16,1,0
BRDA:277,16,2,0
BRF:34
BRH:25
end_of_record
TN:
SF:src/Admin/AdminProfile.js
FN:7,AdminProfile
FN:21,(anonymous_1)
FN:22,(anonymous_2)
FN:49,(anonymous_3)
FN:51,(anonymous_4)
FN:54,(anonymous_5)
FN:89,(anonymous_6)
FN:93,(anonymous_7)
FN:104,(anonymous_8)
FN:139,(anonymous_9)
FN:148,(anonymous_10)
FN:149,(anonymous_11)
FNF:12
FNH:8
FNDA:3,AdminProfile
FNDA:1,(anonymous_1)
FNDA:1,(anonymous_2)
FNDA:2,(anonymous_3)
FNDA:2,(anonymous_4)
FNDA:1,(anonymous_5)
FNDA:0,(anonymous_6)
FNDA:0,(anonymous_7)
FNDA:0,(anonymous_8)
FNDA:0,(anonymous_9)
FNDA:2,(anonymous_10)
FNDA:2,(anonymous_11)
DA:8,3
DA:16,3
DA:17,3
DA:18,3
DA:19,3
DA:21,3
DA:22,1
DA:23,1
DA:24,1
DA:30,1
DA:31,1
DA:32,1
DA:39,1
DA:42,0
DA:46,1
DA:49,3
DA:50,2
DA:51,2
DA:54,3
DA:55,1
DA:57,1
DA:58,1
DA:59,1
DA:60,0
DA:61,0
DA:65,1
DA:66,1
DA:78,1
DA:79,1
DA:80,1
DA:82,0
DA:85,0
DA:89,3
DA:90,0
DA:93,3
DA:94,0
DA:95,0
DA:96,0
DA:97,0
DA:99,0
DA:100,0
DA:104,3
DA:105,0
DA:107,0
DA:108,0
DA:110,0
DA:111,0
DA:119,0
DA:120,0
DA:121,0
DA:122,0
DA:124,0
DA:126,0
DA:128,0
DA:131,0
DA:134,0
DA:135,0
DA:136,0
DA:139,3
DA:140,0
DA:141,0
DA:143,0
DA:144,0
DA:145,0
DA:148,3
DA:149,2
DA:150,2
DA:151,0
DA:156,3
LF:69
LH:35
BRDA:13,0,0,3
BRDA:13,0,1,0
BRDA:31,1,0,1
BRDA:31,1,1,0
BRDA:33,2,0,1
BRDA:33,2,1,1
BRDA:34,3,0,1
BRDA:34,3,1,1
BRDA:36,4,0,1
BRDA:36,4,1,1
BRDA:37,5,0,1
BRDA:37,5,1,0
BRDA:57,6,0,1
BRDA:57,6,1,0
BRDA:59,7,0,0
BRDA:59,7,1,1
BRDA:79,8,0,1
BRDA:79,8,1,0
BRDA:82,9,0,0
BRDA:82,9,1,0
BRDA:95,10,0,0
BRDA:95,10,1,0
BRDA:96,11,0,0
BRDA:96,11,1,0
BRDA:105,12,0,0
BRDA:105,12,1,0
BRDA:120,13,0,0
BRDA:120,13,1,0
BRDA:121,14,0,0
BRDA:121,14,1,0
BRDA:128,15,0,0
BRDA:128,15,1,0
BRDA:140,16,0,0
BRDA:140,16,1,0
BRDA:150,17,0,0
BRDA:150,17,1,2
BRDA:166,18,0,3
BRDA:166,18,1,3
BRDA:192,19,0,3
BRDA:192,19,1,3
BRF:40
BRH:17
end_of_record
TN:
SF:src/Admin/Sidebar.js
FN:5,Sidebar
FN:11,(anonymous_1)
FN:24,(anonymous_2)
FN:37,(anonymous_3)
FN:48,(anonymous_4)
FNF:5
FNH:1
FNDA:25,Sidebar
FNDA:0,(anonymous_1)
FNDA:0,(anonymous_2)
FNDA:0,(anonymous_3)
FNDA:0,(anonymous_4)
DA:6,25
DA:7,25
DA:8,25
DA:9,25
DA:11,25
DA:12,0
DA:13,0
DA:14,0
DA:15,0
DA:16,0
DA:18,0
DA:19,0
DA:20,0
DA:24,25
DA:25,0
DA:26,0
DA:27,0
DA:28,0
DA:29,0
DA:31,0
DA:32,0
DA:33,0
DA:37,25
DA:38,0
DA:39,0
DA:40,0
DA:41,0
DA:42,0
DA:44,0
DA:45,0
DA:48,25
DA:49,0
DA:50,0
DA:51,0
DA:52,0
DA:53,0
DA:55,0
DA:56,0
DA:59,25
LF:39
LH:9
BRDA:14,0,0,0
BRDA:14,0,1,0
BRDA:18,1,0,0
BRDA:18,1,1,0
BRDA:27,2,0,0
BRDA:27,2,1,0
BRDA:31,3,0,0
BRDA:31,3,1,0
BRDA:40,4,0,0
BRDA:40,4,1,0
BRDA:51,5,0,0
BRDA:51,5,1,0
BRDA:67,6,0,0
BRDA:67,6,1,25
BRDA:69,7,0,25
BRDA:69,7,1,0
BRDA:77,8,0,0
BRDA:77,8,1,25
BRDA:79,9,0,25
BRDA:79,9,1,0
BRDA:87,10,0,0
BRDA:87,10,1,25
BRDA:89,11,0,25
BRDA:89,11,1,0
BRDA:97,12,0,0
BRDA:97,12,1,25
BRDA:99,13,0,25
BRDA:99,13,1,0
BRF:28
BRH:8
end_of_record
TN:
SF:src/Admin/TopBar.js
FN:15,TopBar
FN:21,(anonymous_1)
FN:24,(anonymous_2)
FN:43,(anonymous_3)
FN:44,(anonymous_4)
FN:46,(anonymous_5)
FN:61,(anonymous_6)
FNF:7
FNH:3
FNDA:37,TopBar
FNDA:12,(anonymous_1)
FNDA:12,(anonymous_2)
FNDA:0,(anonymous_3)
FNDA:0,(anonymous_4)
FNDA:0,(anonymous_5)
FNDA:0,(anonymous_6)
DA:16,37
DA:17,37
DA:18,37
DA:19,37
DA:21,37
DA:22,12
DA:24,12
DA:25,12
DA:26,12
DA:31,12
DA:32,9
DA:33,0
DA:36,3
DA:40,12
DA:43,37
DA:44,37
DA:46,37
DA:47,0
DA:48,0
DA:53,0
DA:56,0
DA:57,0
DA:58,0
DA:61,37
DA:62,0
DA:63,0
DA:67,37
LF:27
LH:18
BRDA:32,0,0,0
BRDA:32,0,1,9
BRDA:32,1,0,9
BRDA:32,1,1,8
BRDA:62,2,0,0
BRDA:62,2,1,0
BRDA:82,3,0,37
BRDA:82,3,1,37
BRF:8
BRH:5
end_of_record
TN:
SF:src/Organizer/CheckSubmissions.js
FN:33,OrganizerSubmissions
FN:56,(anonymous_1)
FN:84,(anonymous_2)
FN:85,(anonymous_3)
FN:101,(anonymous_4)
FN:105,(anonymous_5)
FN:110,(anonymous_6)
FN:111,(anonymous_7)
FN:115,(anonymous_8)
FN:122,(anonymous_9)
FN:195,(anonymous_10)
FN:205,(anonymous_11)
FN:229,(anonymous_12)
FN:242,(anonymous_13)
FN:247,(anonymous_14)
FN:269,(anonymous_15)
FN:281,(anonymous_16)
FN:288,(anonymous_17)
FN:293,(anonymous_18)
FNF:19
FNH:9
FNDA:10,OrganizerSubmissions
FNDA:3,(anonymous_1)
FNDA:3,(anonymous_2)
FNDA:3,(anonymous_3)
FNDA:3,(anonymous_4)
FNDA:0,(anonymous_5)
FNDA:0,(anonymous_6)
FNDA:0,(anonymous_7)
FNDA:1,(anonymous_8)
FNDA:0,(anonymous_9)
FNDA:4,(anonymous_10)
FNDA:0,(anonymous_11)
FNDA:1,(anonymous_12)
FNDA:0,(anonymous_13)
FNDA:0,(anonymous_14)
FNDA:0,(anonymous_15)
FNDA:0,(anonymous_16)
FNDA:1,(anonymous_17)
FNDA:0,(anonymous_18)
DA:34,10
DA:35,10
DA:36,10
DA:37,10
DA:38,10
DA:39,10
DA:41,10
DA:42,10
DA:43,10
DA:44,10
DA:45,10
DA:46,10
DA:47,10
DA:48,10
DA:49,10
DA:51,10
DA:52,10
DA:53,10
DA:54,10
DA:56,10
DA:57,3
DA:58,3
DA:59,3
DA:69,3
DA:70,3
DA:71,3
DA:72,3
DA:73,3
DA:75,0
DA:78,0
DA:80,3
DA:84,10
DA:85,3
DA:86,3
DA:87,3
DA:88,3
DA:89,3
DA:90,3
DA:92,0
DA:95,0
DA:98,3
DA:101,10
DA:102,3
DA:105,10
DA:106,0
DA:107,0
DA:110,10
DA:111,0
DA:112,0
DA:115,10
DA:116,1
DA:117,1
DA:118,1
DA:119,1
DA:122,10
DA:123,0
DA:124,0
DA:125,0
DA:139,0
DA:140,0
DA:141,0
DA:142,0
DA:144,0
DA:145,0
DA:148,0
DA:149,0
DA:153,10
DA:196,4
DA:205,0
DA:229,1
DA:242,0
DA:247,0
DA:269,0
DA:281,0
DA:288,1
DA:293,0
LF:76
LH:51
BRDA:70,0,0,3
BRDA:70,0,1,0
BRDA:71,1,0,3
BRDA:71,1,1,0
BRDA:72,2,0,3
BRDA:72,2,1,0
BRDA:73,3,0,3
BRDA:73,3,1,0
BRDA:89,4,0,3
BRDA:89,4,1,0
BRDA:90,5,0,3
BRDA:90,5,1,0
BRDA:111,6,0,0
BRDA:111,6,1,0
BRDA:117,7,0,0
BRDA:117,7,1,1
BRDA:118,8,0,1
BRDA:118,8,1,1
BRDA:123,9,0,0
BRDA:123,9,1,0
BRDA:139,10,0,0
BRDA:139,10,1,0
BRDA:176,11,0,3
BRDA:176,11,1,7
BRDA:201,12,0,4
BRDA:201,12,1,0
BRDA:217,13,0,0
BRDA:217,13,1,4
BRDA:219,14,0,0
BRDA:219,14,1,4
BRDA:225,15,0,4
BRDA:225,15,1,0
BRDA:250,16,0,7
BRDA:250,16,1,2
BRDA:262,17,0,2
BRDA:262,17,1,2
BRDA:268,18,0,0
BRDA:268,18,1,2
BRF:38
BRH:20
end_of_record
TN:
SF:src/Organizer/Contest.js
FN:21,OrganizerContest
FN:39,(anonymous_1)
FN:41,(anonymous_2)
FN:44,(anonymous_3)
FN:46,(anonymous_4)
FN:54,(anonymous_5)
FN:55,(anonymous_6)
FN:57,(anonymous_7)
FN:61,(anonymous_8)
FN:62,(anonymous_9)
FN:65,(anonymous_10)
FN:70,(anonymous_11)
FN:79,(anonymous_12)
FN:189,(anonymous_13)
FN:195,(anonymous_14)
FN:198,(anonymous_15)
FN:207,(anonymous_16)
FN:213,(anonymous_17)
FN:276,(anonymous_18)
FNF:19
FNH:14
FNDA:10,OrganizerContest
FNDA:4,(anonymous_1)
FNDA:4,(anonymous_2)
FNDA:1,(anonymous_3)
FNDA:1,(anonymous_4)
FNDA:1,(anonymous_5)
FNDA:1,(anonymous_6)
FNDA:1,(anonymous_7)
FNDA:0,(anonymous_8)
FNDA:0,(anonymous_9)
FNDA:0,(anonymous_10)
FNDA:11,(anonymous_11)
FNDA:1,(anonymous_12)
FNDA:1,(anonymous_13)
FNDA:1,(anonymous_14)
FNDA:1,(anonymous_15)
FNDA:50,(anonymous_16)
FNDA:0,(anonymous_17)
FNDA:0,(anonymous_18)
DA:22,10
DA:34,10
DA:35,10
DA:36,10
DA:37,10
DA:39,10
DA:40,4
DA:41,4
DA:44,10
DA:45,1
DA:46,1
DA:50,1
DA:54,10
DA:55,1
DA:57,1
DA:61,10
DA:62,0
DA:65,0
DA:70,10
DA:71,11
DA:72,11
DA:73,11
DA:74,11
DA:75,8
DA:76,8
DA:79,10
DA:80,1
DA:81,1
DA:95,1
DA:97,1
DA:106,1
DA:107,1
DA:108,1
DA:109,1
DA:111,0
DA:114,0
DA:115,0
DA:119,10
DA:189,1
DA:196,1
DA:198,1
DA:208,50
DA:213,0
DA:276,0
LF:44
LH:37
BRDA:45,0,0,1
BRDA:45,0,1,0
BRDA:64,1,0,0
BRDA:64,1,1,0
BRDA:74,2,0,3
BRDA:74,2,1,8
BRDA:75,3,0,0
BRDA:75,3,1,8
BRDA:75,4,0,8
BRDA:75,4,1,0
BRDA:107,5,0,1
BRDA:107,5,1,0
BRDA:111,6,0,0
BRDA:111,6,1,0
BRF:14
BRH:6
end_of_record
TN:
SF:src/Organizer/ContestList.js
FN:20,OrganizerContestList
FN:34,(anonymous_1)
FN:35,(anonymous_2)
FN:61,(anonymous_3)
FN:62,(anonymous_4)
FN:81,(anonymous_5)
FN:85,(anonymous_6)
FN:89,(anonymous_7)
FN:104,(anonymous_8)
FN:104,(anonymous_9)
FN:116,(anonymous_10)
FN:117,(anonymous_11)
FN:119,(anonymous_12)
FN:124,(anonymous_13)
FN:124,(anonymous_14)
FN:138,(anonymous_15)
FN:165,(anonymous_16)
FN:179,(anonymous_17)
FN:192,(anonymous_18)
FN:193,(anonymous_19)
FN:194,(anonymous_20)
FN:199,(anonymous_21)
FN:232,(anonymous_22)
FN:241,(anonymous_23)
FN:250,(anonymous_24)
FN:260,(anonymous_25)
FN:269,(anonymous_26)
FN:282,(anonymous_27)
FN:292,(anonymous_28)
FNF:29
FNH:10
FNDA:10,OrganizerContestList
FNDA:3,(anonymous_1)
FNDA:3,(anonymous_2)
FNDA:6,(anonymous_3)
FNDA:3,(anonymous_4)
FNDA:1,(anonymous_5)
FNDA:0,(anonymous_6)
FNDA:0,(anonymous_7)
FNDA:0,(anonymous_8)
FNDA:0,(anonymous_9)
FNDA:0,(anonymous_10)
FNDA:0,(anonymous_11)
FNDA:0,(anonymous_12)
FNDA:0,(anonymous_13)
FNDA:0,(anonymous_14)
FNDA:1,(anonymous_15)
FNDA:0,(anonymous_16)
FNDA:0,(anonymous_17)
FNDA:4,(anonymous_18)
FNDA:0,(anonymous_19)
FNDA:4,(anonymous_20)
FNDA:0,(anonymous_21)
FNDA:3,(anonymous_22)
FNDA:0,(anonymous_23)
FNDA:0,(anonymous_24)
FNDA:0,(anonymous_25)
FNDA:0,(anonymous_26)
FNDA:0,(anonymous_27)
FNDA:0,(anonymous_28)
DA:21,10
DA:22,10
DA:23,10
DA:24,10
DA:25,10
DA:26,10
DA:27,10
DA:29,10
DA:30,10
DA:31,10
DA:32,10
DA:34,10
DA:35,3
DA:36,3
DA:37,3
DA:46,3
DA:47,3
DA:48,3
DA:49,3
DA:51,0
DA:54,0
DA:58,3
DA:61,10
DA:62,6
DA:63,3
DA:64,3
DA:66,3
DA:67,3
DA:70,3
DA:72,6
DA:81,10
DA:82,1
DA:85,10
DA:86,0
DA:89,10
DA:90,0
DA:92,0
DA:93,0
DA:103,0
DA:104,0
DA:106,0
DA:107,0
DA:108,0
DA:111,0
DA:112,0
DA:116,10
DA:117,0
DA:118,0
DA:119,0
DA:124,10
DA:126,10
DA:138,1
DA:165,0
DA:179,0
DA:192,4
DA:193,0
DA:195,4
DA:199,0
DA:233,3
DA:241,0
DA:250,0
DA:260,0
DA:270,0
DA:282,0
DA:292,0
LF:65
LH:39
BRDA:47,0,0,3
BRDA:47,0,1,0
BRDA:47,1,0,3
BRDA:47,1,1,3
BRDA:64,2,0,0
BRDA:64,2,1,3
BRDA:66,3,0,0
BRDA:66,3,1,3
BRDA:67,4,0,0
BRDA:67,4,1,3
BRDA:70,5,0,3
BRDA:70,5,1,2
BRDA:70,5,2,2
BRDA:70,5,3,2
BRDA:90,6,0,0
BRDA:90,6,1,0
BRDA:103,7,0,0
BRDA:103,7,1,0
BRDA:118,8,0,0
BRDA:118,8,1,0
BRDA:156,9,0,0
BRDA:156,9,1,10
BRDA:191,10,0,10
BRDA:191,10,1,4
BRDA:208,11,0,7
BRDA:208,11,1,3
BRF:26
BRH:15
end_of_record
TN:
SF:src/Organizer/Dashboard.js
FN:40,OrganizerDashboard
FN:45,(anonymous_1)
FN:46,(anonymous_2)
FN:65,(anonymous_3)
FN:111,(anonymous_4)
FN:118,(anonymous_5)
FN:133,(anonymous_6)
FN:151,(anonymous_7)
FN:153,(anonymous_8)
FN:156,(anonymous_9)
FN:164,(anonymous_10)
FN:164,(anonymous_11)
FN:168,(anonymous_12)
FN:169,(anonymous_13)
FN:171,(anonymous_14)
FN:174,(anonymous_15)
FN:178,(anonymous_16)
FN:297,(anonymous_17)
FN:318,(anonymous_18)
FN:321,(anonymous_19)
FN:322,(anonymous_20)
FNF:21
FNH:21
FNDA:8,OrganizerDashboard
FNDA:4,(anonymous_1)
FNDA:4,(anonymous_2)
FNDA:4,(anonymous_3)
FNDA:7,(anonymous_4)
FNDA:3,(anonymous_5)
FNDA:3,(anonymous_6)
FNDA:7,(anonymous_7)
FNDA:3,(anonymous_8)
FNDA:3,(anonymous_9)
FNDA:7,(anonymous_10)
FNDA:3,(anonymous_11)
FNDA:8,(anonymous_12)
FNDA:4,(anonymous_13)
FNDA:2,(anonymous_14)
FNDA:16,(anonymous_15)
FNDA:16,(anonymous_16)
FNDA:4,(anonymous_17)
FNDA:1,(anonymous_18)
FNDA:4,(anonymous_19)
FNDA:4,(anonymous_20)
DA:29,1
DA:41,8
DA:42,8
DA:43,8
DA:45,8
DA:46,4
DA:47,4
DA:48,4
DA:49,4
DA:50,4
DA:52,4
DA:62,4
DA:64,4
DA:66,4
DA:75,4
DA:76,4
DA:78,4
DA:79,4
DA:81,4
DA:102,4
DA:104,0
DA:106,4
DA:111,8
DA:112,7
DA:113,7
DA:114,7
DA:115,7
DA:116,7
DA:118,7
DA:119,3
DA:120,3
DA:121,3
DA:123,3
DA:124,3
DA:125,3
DA:126,3
DA:130,7
DA:133,3
DA:140,7
DA:151,8
DA:152,7
DA:153,7
DA:154,3
DA:156,7
DA:163,8
DA:164,7
DA:168,8
DA:169,8
DA:170,8
DA:171,2
DA:174,8
DA:175,16
DA:177,16
DA:179,16
DA:186,16
DA:217,8
DA:298,4
DA:318,1
DA:321,4
DA:323,4
LF:60
LH:59
BRDA:62,0,0,0
BRDA:78,1,0,4
BRDA:78,1,1,0
BRDA:79,2,0,4
BRDA:79,2,1,0
BRDA:84,3,0,4
BRDA:84,3,1,0
BRDA:84,3,2,0
BRDA:86,4,0,4
BRDA:86,4,1,0
BRDA:87,5,0,4
BRDA:87,5,1,0
BRDA:88,6,0,0
BRDA:88,6,1,0
BRDA:90,7,0,4
BRDA:90,7,1,0
BRDA:91,8,0,4
BRDA:91,8,1,0
BRDA:93,9,0,4
BRDA:93,9,1,0
BRDA:93,10,0,4
BRDA:93,10,1,0
BRDA:95,11,0,0
BRDA:95,11,1,0
BRDA:95,12,0,0
BRDA:95,12,1,0
BRDA:130,13,0,3
BRDA:130,13,1,4
BRDA:154,14,0,3
BRDA:154,14,1,3
BRDA:164,15,0,3
BRDA:164,15,1,0
BRDA:170,16,0,7
BRDA:170,16,1,1
BRDA:171,17,0,1
BRDA:171,17,1,0
BRDA:174,18,0,12
BRDA:175,19,0,16
BRDA:175,19,1,0
BRDA:227,20,0,4
BRDA:227,20,1,4
BRDA:231,21,0,0
BRDA:231,21,1,4
BRDA:307,22,0,4
BRDA:307,22,1,4
BRDA:321,23,0,4
BRDA:321,23,1,0
BRDA:330,24,0,1
BRDA:330,24,1,3
BRF:49
BRH:27
end_of_record
TN:
SF:src/Organizer/EditContest.js
FN:21,EditContest
FN:41,(anonymous_1)
FN:48,(anonymous_2)
FN:49,(anonymous_3)
FN:64,(anonymous_4)
FN:68,(anonymous_5)
FN:70,(anonymous_6)
FN:73,(anonymous_7)
FN:75,(anonymous_8)
FN:83,(anonymous_9)
FN:84,(anonymous_10)
FN:86,(anonymous_11)
FN:90,(anonymous_12)
FN:91,(anonymous_13)
FN:94,(anonymous_14)
FN:99,(anonymous_15)
FN:108,(anonymous_16)
FN:207,(anonymous_17)
FN:213,(anonymous_18)
FN:216,(anonymous_19)
FN:223,(anonymous_20)
FN:229,(anonymous_21)
FN:286,(anonymous_22)
FNF:23
FNH:12
FNDA:9,EditContest
FNDA:4,(anonymous_1)
FNDA:4,(anonymous_2)
FNDA:4,(anonymous_3)
FNDA:0,(anonymous_4)
FNDA:0,(anonymous_5)
FNDA:0,(anonymous_6)
FNDA:1,(anonymous_7)
FNDA:1,(anonymous_8)
FNDA:0,(anonymous_9)
FNDA:0,(anonymous_10)
FNDA:0,(anonymous_11)
FNDA:0,(anonymous_12)
FNDA:0,(anonymous_13)
FNDA:0,(anonymous_14)
FNDA:10,(anonymous_15)
FNDA:1,(anonymous_16)
FNDA:1,(anonymous_17)
FNDA:11,(anonymous_18)
FNDA:0,(anonymous_19)
FNDA:45,(anonymous_20)
FNDA:0,(anonymous_21)
FNDA:1,(anonymous_22)
DA:22,9
DA:34,9
DA:35,9
DA:36,9
DA:37,9
DA:38,9
DA:39,9
DA:41,9
DA:42,4
DA:43,4
DA:48,4
DA:50,4
DA:51,4
DA:64,0
DA:68,9
DA:69,0
DA:70,0
DA:73,9
DA:74,1
DA:75,1
DA:79,1
DA:83,9
DA:84,0
DA:86,0
DA:90,9
DA:91,0
DA:94,0
DA:99,9
DA:100,10
DA:101,10
DA:102,10
DA:103,10
DA:104,4
DA:105,4
DA:108,9
DA:109,1
DA:110,1
DA:111,1
DA:113,1
DA:128,1
DA:139,1
DA:140,1
DA:141,1
DA:142,1
DA:144,0
DA:147,0
DA:151,9
DA:207,1
DA:214,11
DA:216,0
DA:224,45
DA:229,0
DA:286,1
LF:53
LH:42
BRDA:42,0,0,4
BRDA:42,0,1,0
BRDA:50,1,0,4
BRDA:50,1,1,0
BRDA:50,2,0,4
BRDA:50,2,1,4
BRDA:57,3,0,4
BRDA:57,3,1,0
BRDA:58,4,0,4
BRDA:58,4,1,0
BRDA:59,5,0,4
BRDA:59,5,1,0
BRDA:74,6,0,1
BRDA:74,6,1,0
BRDA:93,7,0,0
BRDA:93,7,1,0
BRDA:103,8,0,6
BRDA:103,8,1,4
BRDA:104,9,0,0
BRDA:104,9,1,4
BRDA:104,10,0,4
BRDA:104,10,1,0
BRDA:140,11,0,1
BRDA:140,11,1,0
BRDA:144,12,0,0
BRDA:144,12,1,0
BRF:26
BRH:13
end_of_record
TN:
SF:src/Organizer/OrganizerAddJudge.js
FN:22,OrganizerAddJudge
FN:40,(anonymous_1)
FN:41,(anonymous_2)
FN:52,(anonymous_3)
FN:74,(anonymous_4)
FN:78,(anonymous_5)
FN:92,(anonymous_6)
FN:100,(anonymous_7)
FN:104,(anonymous_8)
FN:107,(anonymous_9)
FN:108,(anonymous_10)
FN:115,(anonymous_11)
FN:159,(anonymous_12)
FN:202,(anonymous_13)
FN:221,(anonymous_14)
FN:230,(anonymous_15)
FN:245,(anonymous_16)
FN:252,(anonymous_17)
FN:260,(anonymous_18)
FNF:19
FNH:16
FNDA:6,OrganizerAddJudge
FNDA:3,(anonymous_1)
FNDA:3,(anonymous_2)
FNDA:5,(anonymous_3)
FNDA:3,(anonymous_4)
FNDA:3,(anonymous_5)
FNDA:3,(anonymous_6)
FNDA:3,(anonymous_7)
FNDA:1,(anonymous_8)
FNDA:1,(anonymous_9)
FNDA:1,(anonymous_10)
FNDA:1,(anonymous_11)
FNDA:1,(anonymous_12)
FNDA:1,(anonymous_13)
FNDA:2,(anonymous_14)
FNDA:1,(anonymous_15)
FNDA:0,(anonymous_16)
FNDA:0,(anonymous_17)
FNDA:0,(anonymous_18)
DA:23,6
DA:24,6
DA:25,6
DA:26,6
DA:27,6
DA:28,6
DA:30,6
DA:31,6
DA:32,6
DA:33,6
DA:35,6
DA:36,6
DA:38,6
DA:40,6
DA:41,3
DA:42,3
DA:43,3
DA:44,3
DA:45,3
DA:47,0
DA:52,6
DA:53,5
DA:54,5
DA:64,5
DA:65,5
DA:66,5
DA:67,5
DA:68,0
DA:70,0
DA:74,6
DA:75,3
DA:78,6
DA:79,3
DA:80,3
DA:90,3
DA:91,3
DA:92,3
DA:93,3
DA:94,0
DA:96,0
DA:100,6
DA:101,3
DA:104,6
DA:105,1
DA:107,1
DA:108,1
DA:110,1
DA:111,0
DA:112,0
DA:115,1
DA:116,1
DA:117,0
DA:122,0
DA:125,1
DA:126,1
DA:140,1
DA:141,1
DA:142,1
DA:143,1
DA:144,1
DA:146,0
DA:147,0
DA:148,0
DA:149,0
DA:151,0
DA:154,0
DA:155,0
DA:159,6
DA:160,1
DA:162,1
DA:163,1
DA:174,1
DA:175,1
DA:176,1
DA:177,1
DA:179,0
DA:182,0
DA:183,0
DA:187,6
DA:202,1
DA:222,2
DA:230,1
DA:245,0
DA:252,0
DA:260,0
LF:85
LH:63
BRDA:45,0,0,3
BRDA:45,0,1,0
BRDA:45,1,0,3
BRDA:45,1,1,0
BRDA:52,2,0,0
BRDA:65,3,0,5
BRDA:65,3,1,0
BRDA:66,4,0,5
BRDA:66,4,1,0
BRDA:67,5,0,5
BRDA:67,5,1,0
BRDA:91,6,0,3
BRDA:91,6,1,0
BRDA:92,7,0,3
BRDA:92,7,1,0
BRDA:110,8,0,0
BRDA:110,8,1,1
BRDA:116,9,0,0
BRDA:116,9,1,1
BRDA:141,10,0,1
BRDA:141,10,1,0
BRDA:149,11,0,0
BRDA:149,11,1,0
BRDA:160,12,0,0
BRDA:160,12,1,1
BRDA:175,13,0,1
BRDA:175,13,1,0
BRDA:222,14,0,2
BRDA:222,14,1,0
BRF:29
BRH:13
end_of_record
TN:
SF:src/Organizer/ParticipantList.js
FN:27,ParticipantList
FN:56,(anonymous_1)
FN:68,(anonymous_2)
FN:77,(anonymous_3)
FN:105,(anonymous_4)
FN:126,(anonymous_5)
FN:154,(anonymous_6)
FN:158,(anonymous_7)
FN:166,(anonymous_8)
FN:176,(anonymous_9)
FN:182,(anonymous_10)
FN:192,(anonymous_11)
FN:206,(anonymous_12)
FN:220,(anonymous_13)
FN:302,(anonymous_14)
FN:318,(anonymous_15)
FN:336,(anonymous_16)
FN:342,(anonymous_17)
FNF:18
FNH:11
FNDA:14,ParticipantList
FNDA:4,(anonymous_1)
FNDA:4,(anonymous_2)
FNDA:6,(anonymous_3)
FNDA:0,(anonymous_4)
FNDA:0,(anonymous_5)
FNDA:4,(anonymous_6)
FNDA:5,(anonymous_7)
FNDA:1,(anonymous_8)
FNDA:0,(anonymous_9)
FNDA:1,(anonymous_10)
FNDA:0,(anonymous_11)
FNDA:1,(anonymous_12)
FNDA:0,(anonymous_13)
FNDA:4,(anonymous_14)
FNDA:0,(anonymous_15)
FNDA:0,(anonymous_16)
FNDA:1,(anonymous_17)
DA:28,14
DA:29,14
DA:30,14
DA:31,14
DA:33,14
DA:34,14
DA:35,14
DA:37,14
DA:38,14
DA:39,14
DA:40,14
DA:41,14
DA:42,14
DA:43,14
DA:44,14
DA:45,14
DA:46,14
DA:48,14
DA:56,14
DA:57,4
DA:58,4
DA:59,4
DA:60,4
DA:61,4
DA:68,4
DA:70,0
DA:73,0
DA:77,14
DA:78,6
DA:79,6
DA:80,6
DA:90,6
DA:91,6
DA:92,6
DA:93,6
DA:94,6
DA:96,0
DA:99,0
DA:101,6
DA:105,14
DA:106,0
DA:107,0
DA:108,0
DA:111,0
DA:112,0
DA:113,0
DA:114,0
DA:115,0
DA:117,0
DA:120,0
DA:122,0
DA:126,14
DA:127,0
DA:128,0
DA:129,0
DA:140,0
DA:141,0
DA:142,0
DA:144,0
DA:145,0
DA:146,0
DA:149,0
DA:150,0
DA:154,14
DA:155,4
DA:158,14
DA:159,5
DA:160,0
DA:161,5
DA:162,5
DA:166,14
DA:167,1
DA:168,1
DA:169,1
DA:170,0
DA:172,1
DA:176,14
DA:177,0
DA:178,0
DA:179,0
DA:182,14
DA:183,1
DA:184,1
DA:186,1
DA:187,0
DA:192,0
DA:193,0
DA:200,1
DA:206,1
DA:207,1
DA:216,1
DA:217,1
DA:220,14
DA:221,0
DA:222,0
DA:223,0
DA:234,0
DA:235,0
DA:236,0
DA:238,0
DA:239,0
DA:240,0
DA:243,0
DA:244,0
DA:248,14
DA:303,4
DA:319,0
DA:336,0
DA:342,1
LF:109
LH:62
BRDA:37,0,0,14
BRDA:37,0,1,0
BRDA:60,1,0,4
BRDA:60,1,1,0
BRDA:62,2,0,4
BRDA:62,2,1,0
BRDA:63,3,0,4
BRDA:63,3,1,0
BRDA:64,4,0,4
BRDA:64,4,1,0
BRDA:65,5,0,4
BRDA:65,5,1,0
BRDA:66,6,0,4
BRDA:66,6,1,0
BRDA:68,7,0,4
BRDA:68,7,1,0
BRDA:68,7,2,0
BRDA:77,8,0,0
BRDA:77,9,0,0
BRDA:77,10,0,0
BRDA:91,11,0,6
BRDA:91,11,1,0
BRDA:92,12,0,6
BRDA:92,12,1,0
BRDA:93,13,0,6
BRDA:93,13,1,0
BRDA:94,14,0,6
BRDA:94,14,1,0
BRDA:105,15,0,0
BRDA:105,16,0,0
BRDA:105,17,0,0
BRDA:112,18,0,0
BRDA:112,18,1,0
BRDA:113,19,0,0
BRDA:113,19,1,0
BRDA:114,20,0,0
BRDA:114,20,1,0
BRDA:115,21,0,0
BRDA:115,21,1,0
BRDA:127,22,0,0
BRDA:127,22,1,0
BRDA:140,23,0,0
BRDA:140,23,1,0
BRDA:159,24,0,0
BRDA:159,24,1,5
BRDA:161,25,0,5
BRDA:161,25,1,0
BRDA:169,26,0,0
BRDA:169,26,1,1
BRDA:177,27,0,0
BRDA:177,27,1,0
BRDA:186,28,0,0
BRDA:186,28,1,1
BRDA:195,29,0,0
BRDA:195,29,1,0
BRDA:221,30,0,0
BRDA:221,30,1,0
BRDA:234,31,0,0
BRDA:234,31,1,0
BRDA:255,32,0,0
BRDA:255,32,1,14
BRDA:281,33,0,6
BRDA:281,33,1,8
BRDA:285,34,0,4
BRDA:285,34,1,4
BRDA:285,35,0,0
BRDA:285,35,1,8
BRDA:295,36,0,0
BRDA:295,36,1,4
BRDA:297,37,0,0
BRDA:297,37,1,4
BRDA:302,38,0,0
BRDA:302,38,1,4
BRDA:303,39,0,4
BRDA:303,39,1,4
BRDA:305,40,0,4
BRDA:305,40,1,4
BRDA:308,41,0,0
BRDA:308,41,1,4
BRDA:309,42,0,0
BRDA:309,42,1,4
BRDA:312,43,0,0
BRDA:312,43,1,4
BRDA:319,44,0,0
BRDA:319,44,1,0
BRF:85
BRH:32
end_of_record
TN:
SF:src/Organizer/Profile.js
FN:7,OrganizerProfile
FN:22,(anonymous_1)
FN:23,(anonymous_2)
FN:51,(anonymous_3)
FN:53,(anonymous_4)
FN:56,(anonymous_5)
FN:91,(anonymous_6)
FN:95,(anonymous_7)
FN:106,(anonymous_8)
FN:141,(anonymous_9)
FN:150,(anonymous_10)
FN:180,(anonymous_11)
FN:181,(anonymous_12)
FN:222,(anonymous_13)
FN:238,(anonymous_14)
FN:242,(anonymous_15)
FNF:16
FNH:11
FNDA:8,OrganizerProfile
FNDA:3,(anonymous_1)
FNDA:3,(anonymous_2)
FNDA:2,(anonymous_3)
FNDA:2,(anonymous_4)
FNDA:1,(anonymous_5)
FNDA:1,(anonymous_6)
FNDA:0,(anonymous_7)
FNDA:0,(anonymous_8)
FNDA:0,(anonymous_9)
FNDA:1,(anonymous_10)
FNDA:6,(anonymous_11)
FNDA:6,(anonymous_12)
FNDA:1,(anonymous_13)
FNDA:0,(anonymous_14)
FNDA:0,(anonymous_15)
DA:8,8
DA:16,8
DA:17,8
DA:18,8
DA:19,8
DA:20,8
DA:22,8
DA:23,3
DA:24,3
DA:25,3
DA:31,3
DA:32,3
DA:33,3
DA:40,3
DA:43,0
DA:47,3
DA:51,8
DA:52,2
DA:53,2
DA:56,8
DA:57,1
DA:59,1
DA:60,0
DA:61,0
DA:62,0
DA:63,0
DA:67,1
DA:68,1
DA:80,1
DA:81,1
DA:82,1
DA:84,0
DA:87,0
DA:91,8
DA:92,1
DA:95,8
DA:96,0
DA:97,0
DA:98,0
DA:99,0
DA:101,0
DA:102,0
DA:106,8
DA:107,0
DA:109,0
DA:110,0
DA:112,0
DA:113,0
DA:121,0
DA:122,0
DA:123,0
DA:124,0
DA:126,0
DA:128,0
DA:130,0
DA:133,0
DA:136,0
DA:137,0
DA:138,0
DA:141,8
DA:142,0
DA:143,0
DA:145,0
DA:146,0
DA:147,0
DA:150,8
DA:151,1
DA:152,1
DA:154,1
DA:155,1
DA:164,1
DA:165,1
DA:166,1
DA:167,1
DA:169,0
DA:170,0
DA:173,0
DA:174,0
DA:176,1
DA:180,8
DA:181,6
DA:182,6
DA:183,0
DA:188,8
DA:222,1
DA:238,0
DA:242,0
LF:87
LH:46
BRDA:13,0,0,8
BRDA:13,0,1,1
BRDA:32,1,0,3
BRDA:32,1,1,0
BRDA:34,2,0,3
BRDA:34,2,1,3
BRDA:35,3,0,3
BRDA:35,3,1,3
BRDA:37,4,0,3
BRDA:37,4,1,3
BRDA:38,5,0,3
BRDA:38,5,1,1
BRDA:59,6,0,0
BRDA:59,6,1,1
BRDA:61,7,0,0
BRDA:61,7,1,0
BRDA:81,8,0,1
BRDA:81,8,1,0
BRDA:84,9,0,0
BRDA:84,9,1,0
BRDA:97,10,0,0
BRDA:97,10,1,0
BRDA:98,11,0,0
BRDA:98,11,1,0
BRDA:107,12,0,0
BRDA:107,12,1,0
BRDA:122,13,0,0
BRDA:122,13,1,0
BRDA:123,14,0,0
BRDA:123,14,1,0
BRDA:130,15,0,0
BRDA:130,15,1,0
BRDA:142,16,0,0
BRDA:142,16,1,0
BRDA:164,17,0,1
BRDA:164,17,1,0
BRDA:170,18,0,0
BRDA:170,18,1,0
BRDA:182,19,0,0
BRDA:182,19,1,6
BRDA:198,20,0,8
BRDA:198,20,1,8
BRDA:216,21,0,8
BRDA:216,21,1,8
BRF:44
BRH:19
end_of_record
TN:
SF:src/Organizer/Sidebar.js
FN:5,Sidebar
FN:11,(anonymous_1)
FN:21,(anonymous_2)
FN:41,(anonymous_3)
FN:42,(anonymous_4)
FN:61,(anonymous_5)
FN:62,(anonymous_6)
FNF:7
FNH:6
FNDA:87,Sidebar
FNDA:2,(anonymous_1)
FNDA:1,(anonymous_2)
FNDA:88,(anonymous_3)
FNDA:2,(anonymous_4)
FNDA:88,(anonymous_5)
FNDA:0,(anonymous_6)
DA:6,87
DA:7,87
DA:8,87
DA:9,87
DA:11,87
DA:12,2
DA:13,2
DA:14,1
DA:15,1
DA:16,1
DA:18,1
DA:21,87
DA:22,1
DA:23,1
DA:24,1
DA:25,0
DA:26,0
DA:28,1
DA:29,1
DA:30,1
DA:34,87
DA:41,88
DA:42,2
DA:61,88
DA:62,0
LF:25
LH:22
BRDA:13,0,0,1
BRDA:13,0,1,1
BRDA:24,1,0,0
BRDA:24,1,1,1
BRDA:28,2,0,1
BRDA:28,2,1,0
BRDA:41,3,0,1
BRDA:41,3,1,87
BRDA:44,4,0,87
BRDA:44,4,1,17
BRDA:52,5,0,1
BRDA:52,5,1,86
BRDA:54,6,0,87
BRDA:54,6,1,1
BRDA:61,7,0,0
BRDA:61,7,1,88
BRDA:64,8,0,87
BRDA:64,8,1,0
BRF:18
BRH:14
end_of_record
TN:
SF:src/Organizer/SubmissionRatings.js
FN:20,SubmissionRatings
FN:31,(anonymous_1)
FN:57,(anonymous_2)
FN:61,(anonymous_3)
FN:64,(anonymous_4)
FN:71,(anonymous_5)
FN:75,(anonymous_6)
FN:94,(anonymous_7)
FN:95,(anonymous_8)
FN:101,(anonymous_9)
FN:155,(anonymous_10)
FN:160,(anonymous_11)
FN:168,(anonymous_12)
FN:177,(anonymous_13)
FN:181,(anonymous_14)
FN:207,(anonymous_15)
FNF:16
FNH:7
FNDA:8,SubmissionRatings
FNDA:4,(anonymous_1)
FNDA:3,(anonymous_2)
FNDA:5,(anonymous_3)
FNDA:0,(anonymous_4)
FNDA:5,(anonymous_5)
FNDA:0,(anonymous_6)
FNDA:0,(anonymous_7)
FNDA:0,(anonymous_8)
FNDA:1,(anonymous_9)
FNDA:0,(anonymous_10)
FNDA:0,(anonymous_11)
FNDA:0,(anonymous_12)
FNDA:0,(anonymous_13)
FNDA:0,(anonymous_14)
FNDA:1,(anonymous_15)
DA:21,8
DA:22,8
DA:23,8
DA:24,8
DA:25,8
DA:27,8
DA:28,8
DA:29,8
DA:31,8
DA:32,4
DA:33,4
DA:34,4
DA:44,4
DA:45,4
DA:46,4
DA:48,0
DA:51,0
DA:53,4
DA:57,8
DA:58,3
DA:61,8
DA:62,5
DA:65,0
DA:71,8
DA:72,5
DA:73,5
DA:75,5
DA:78,0
DA:79,0
DA:80,0
DA:82,0
DA:83,0
DA:86,0
DA:87,0
DA:88,0
DA:91,5
DA:94,8
DA:95,0
DA:101,8
DA:102,1
DA:103,1
DA:115,1
DA:116,1
DA:117,1
DA:118,0
DA:119,0
DA:120,0
DA:121,0
DA:123,0
DA:126,0
DA:127,0
DA:131,8
DA:155,0
DA:161,0
DA:168,0
DA:178,0
DA:182,0
DA:207,1
LF:58
LH:34
BRDA:45,0,0,4
BRDA:45,0,1,0
BRDA:45,1,0,4
BRDA:45,1,1,4
BRDA:65,2,0,0
BRDA:65,2,1,0
BRDA:78,3,0,0
BRDA:78,3,1,0
BRDA:79,4,0,0
BRDA:79,4,1,0
BRDA:80,5,0,0
BRDA:80,5,1,0
BRDA:82,6,0,0
BRDA:82,6,1,0
BRDA:83,7,0,0
BRDA:83,7,1,0
BRDA:86,8,0,0
BRDA:86,8,1,0
BRDA:86,9,0,0
BRDA:86,9,1,0
BRDA:87,10,0,0
BRDA:87,10,1,0
BRDA:87,11,0,0
BRDA:87,11,1,0
BRDA:97,12,0,0
BRDA:97,12,1,0
BRDA:97,13,0,0
BRDA:97,13,1,0
BRDA:115,14,0,1
BRDA:115,14,1,0
BRDA:118,15,0,0
BRDA:118,15,1,0
BRDA:120,16,0,0
BRDA:120,16,1,0
BRDA:141,17,0,3
BRDA:141,17,1,5
BRDA:145,18,0,0
BRDA:145,18,1,5
BRDA:151,19,0,0
BRDA:151,19,1,0
BRDA:154,20,0,0
BRDA:154,20,1,0
BRDA:163,21,0,0
BRDA:163,21,1,0
BRDA:167,22,0,0
BRDA:167,22,1,0
BRDA:183,23,0,0
BRDA:183,23,1,0
BRF:48
BRH:7
end_of_record
TN:
SF:src/Organizer/TopBar.js
FN:15,TopBar
FN:21,(anonymous_1)
FN:24,(anonymous_2)
FN:43,(anonymous_3)
FN:44,(anonymous_4)
FN:46,(anonymous_5)
FN:61,(anonymous_6)
FNF:7
FNH:6
FNDA:115,TopBar
FNDA:35,(anonymous_1)
FNDA:35,(anonymous_2)
FNDA:2,(anonymous_3)
FNDA:0,(anonymous_4)
FNDA:1,(anonymous_5)
FNDA:1,(anonymous_6)
DA:16,115
DA:17,115
DA:18,115
DA:19,115
DA:21,115
DA:22,35
DA:24,35
DA:25,35
DA:26,35
DA:31,35
DA:32,25
DA:33,5
DA:36,10
DA:40,35
DA:43,115
DA:44,115
DA:46,115
DA:47,1
DA:48,1
DA:53,0
DA:56,1
DA:57,1
DA:58,1
DA:61,115
DA:62,1
DA:63,1
DA:67,115
LF:27
LH:26
BRDA:32,0,0,5
BRDA:32,0,1,20
BRDA:32,1,0,25
BRDA:32,1,1,25
BRDA:62,2,0,1
BRDA:62,2,1,0
BRDA:82,3,0,115
BRDA:82,3,1,111
BRF:8
BRH:7
end_of_record
TN:
SF:src/Organizer/UploadMedia.js
FN:9,UploadMedia
FN:19,(anonymous_1)
FN:41,(anonymous_2)
FN:45,(anonymous_3)
FN:48,(anonymous_4)
FN:51,(anonymous_5)
FN:76,(anonymous_6)
FN:102,(anonymous_7)
FN:165,(anonymous_8)
FN:169,(anonymous_9)
FN:191,(anonymous_10)
FN:217,(anonymous_11)
FNF:12
FNH:7
FNDA:4,UploadMedia
FNDA:2,(anonymous_1)
FNDA:2,(anonymous_2)
FNDA:1,(anonymous_3)
FNDA:1,(anonymous_4)
FNDA:0,(anonymous_5)
FNDA:0,(anonymous_6)
FNDA:0,(anonymous_7)
FNDA:0,(anonymous_8)
FNDA:0,(anonymous_9)
FNDA:1,(anonymous_10)
FNDA:1,(anonymous_11)
DA:10,4
DA:11,4
DA:12,4
DA:13,4
DA:14,4
DA:15,4
DA:16,4
DA:17,4
DA:19,4
DA:20,2
DA:21,2
DA:26,0
DA:27,0
DA:28,0
DA:29,0
DA:34,0
DA:37,2
DA:41,4
DA:42,2
DA:45,4
DA:46,1
DA:47,1
DA:48,1
DA:51,4
DA:52,0
DA:53,0
DA:55,0
DA:56,0
DA:64,0
DA:65,0
DA:66,0
DA:67,0
DA:69,0
DA:72,0
DA:76,4
DA:77,0
DA:78,0
DA:80,0
DA:81,0
DA:90,0
DA:91,0
DA:92,0
DA:93,0
DA:95,0
DA:98,0
DA:102,4
DA:103,0
DA:104,0
DA:106,0
DA:107,0
DA:108,0
DA:109,0
DA:110,0
DA:112,0
DA:122,0
DA:123,0
DA:126,0
DA:127,0
DA:128,0
DA:129,0
DA:130,0
DA:132,0
DA:133,0
DA:135,0
DA:139,4
DA:166,0
DA:169,0
DA:192,1
DA:217,1
LF:69
LH:24
BRDA:27,0,0,0
BRDA:27,0,1,0
BRDA:28,1,0,0
BRDA:28,1,1,0
BRDA:30,2,0,0
BRDA:30,2,1,0
BRDA:31,3,0,0
BRDA:31,3,1,0
BRDA:53,4,0,0
BRDA:53,4,1,0
BRDA:65,5,0,0
BRDA:65,5,1,0
BRDA:69,6,0,0
BRDA:69,6,1,0
BRDA:78,7,0,0
BRDA:78,7,1,0
BRDA:91,8,0,0
BRDA:91,8,1,0
BRDA:95,9,0,0
BRDA:95,9,1,0
BRDA:103,10,0,0
BRDA:103,10,1,0
BRDA:110,11,0,0
BRDA:110,11,1,0
BRDA:123,12,0,0
BRDA:123,12,1,0
BRDA:123,13,0,0
BRDA:123,13,1,0
BRDA:123,14,0,0
BRDA:123,14,1,0
BRDA:146,15,0,4
BRDA:146,15,1,4
BRDA:149,16,0,4
BRDA:149,16,1,0
BRDA:162,17,0,4
BRDA:162,17,1,0
BRDA:188,18,0,4
BRDA:188,18,1,1
BRDA:193,19,0,0
BRDA:193,19,1,1
BRDA:210,20,0,0
BRDA:210,20,1,4
BRF:42
BRH:8
end_of_record
